CRITICAL - 2020-11-29 04:04:06 --> Unable to connect to the database.
#0 /Users/patriot/Documents/Codeigniter/final project/kelontong/vendor/codeigniter4/framework/system/Database/BaseConnection.php(646): CodeIgniter\Database\BaseConnection->initialize()
#1 /Users/patriot/Documents/Codeigniter/final project/kelontong/vendor/codeigniter4/framework/system/Database/BaseConnection.php(1548): CodeIgniter\Database\BaseConnection->query('SHOW TABLES FRO...')
#2 /Users/patriot/Documents/Codeigniter/final project/kelontong/vendor/codeigniter4/framework/system/Database/BaseConnection.php(1591): CodeIgniter\Database\BaseConnection->listTables()
#3 /Users/patriot/Documents/Codeigniter/final project/kelontong/vendor/codeigniter4/framework/system/Database/MigrationRunner.php(945): CodeIgniter\Database\BaseConnection->tableExists('migrations')
#4 /Users/patriot/Documents/Codeigniter/final project/kelontong/vendor/codeigniter4/framework/system/Database/MigrationRunner.php(193): CodeIgniter\Database\MigrationRunner->ensureTable()
#5 /Users/patriot/Documents/Codeigniter/final project/kelontong/vendor/codeigniter4/framework/system/Commands/Database/Migrate.php(128): CodeIgniter\Database\MigrationRunner->latest(NULL)
#6 /Users/patriot/Documents/Codeigniter/final project/kelontong/vendor/codeigniter4/framework/system/CLI/Commands.php(100): CodeIgniter\Commands\Database\Migrate->run(Array)
#7 /Users/patriot/Documents/Codeigniter/final project/kelontong/vendor/codeigniter4/framework/system/CLI/CommandRunner.php(107): CodeIgniter\CLI\Commands->run('migrate', Array)
#8 /Users/patriot/Documents/Codeigniter/final project/kelontong/vendor/codeigniter4/framework/system/CLI/CommandRunner.php(85): CodeIgniter\CLI\CommandRunner->index(Array)
#9 /Users/patriot/Documents/Codeigniter/final project/kelontong/vendor/codeigniter4/framework/system/CodeIgniter.php(914): CodeIgniter\CLI\CommandRunner->_remap('index', 'migrate')
#10 /Users/patriot/Documents/Codeigniter/final project/kelontong/vendor/codeigniter4/framework/system/CodeIgniter.php(404): CodeIgniter\CodeIgniter->runController(Object(CodeIgniter\CLI\CommandRunner))
#11 /Users/patriot/Documents/Codeigniter/final project/kelontong/vendor/codeigniter4/framework/system/CodeIgniter.php(312): CodeIgniter\CodeIgniter->handleRequest(NULL, Object(Config\Cache), false)
#12 /Users/patriot/Documents/Codeigniter/final project/kelontong/vendor/codeigniter4/framework/system/CLI/Console.php(86): CodeIgniter\CodeIgniter->run()
#13 /Users/patriot/Documents/Codeigniter/final project/kelontong/spark(57): CodeIgniter\CLI\Console->run()
#14 {main}
CRITICAL - 2020-11-29 04:04:22 --> Unable to connect to the database.
#0 /Users/patriot/Documents/Codeigniter/final project/kelontong/vendor/codeigniter4/framework/system/Database/BaseConnection.php(646): CodeIgniter\Database\BaseConnection->initialize()
#1 /Users/patriot/Documents/Codeigniter/final project/kelontong/vendor/codeigniter4/framework/system/Database/BaseConnection.php(1548): CodeIgniter\Database\BaseConnection->query('SHOW TABLES FRO...')
#2 /Users/patriot/Documents/Codeigniter/final project/kelontong/vendor/codeigniter4/framework/system/Database/BaseConnection.php(1591): CodeIgniter\Database\BaseConnection->listTables()
#3 /Users/patriot/Documents/Codeigniter/final project/kelontong/vendor/codeigniter4/framework/system/Database/MigrationRunner.php(945): CodeIgniter\Database\BaseConnection->tableExists('migrations')
#4 /Users/patriot/Documents/Codeigniter/final project/kelontong/vendor/codeigniter4/framework/system/Database/MigrationRunner.php(796): CodeIgniter\Database\MigrationRunner->ensureTable()
#5 /Users/patriot/Documents/Codeigniter/final project/kelontong/vendor/codeigniter4/framework/system/Commands/Database/MigrateStatus.php(153): CodeIgniter\Database\MigrationRunner->getHistory()
#6 /Users/patriot/Documents/Codeigniter/final project/kelontong/vendor/codeigniter4/framework/system/CLI/Commands.php(100): CodeIgniter\Commands\Database\MigrateStatus->run(Array)
#7 /Users/patriot/Documents/Codeigniter/final project/kelontong/vendor/codeigniter4/framework/system/CLI/CommandRunner.php(107): CodeIgniter\CLI\Commands->run('migrate:status', Array)
#8 /Users/patriot/Documents/Codeigniter/final project/kelontong/vendor/codeigniter4/framework/system/CLI/CommandRunner.php(85): CodeIgniter\CLI\CommandRunner->index(Array)
#9 /Users/patriot/Documents/Codeigniter/final project/kelontong/vendor/codeigniter4/framework/system/CodeIgniter.php(914): CodeIgniter\CLI\CommandRunner->_remap('index', 'migrate:status')
#10 /Users/patriot/Documents/Codeigniter/final project/kelontong/vendor/codeigniter4/framework/system/CodeIgniter.php(404): CodeIgniter\CodeIgniter->runController(Object(CodeIgniter\CLI\CommandRunner))
#11 /Users/patriot/Documents/Codeigniter/final project/kelontong/vendor/codeigniter4/framework/system/CodeIgniter.php(312): CodeIgniter\CodeIgniter->handleRequest(NULL, Object(Config\Cache), false)
#12 /Users/patriot/Documents/Codeigniter/final project/kelontong/vendor/codeigniter4/framework/system/CLI/Console.php(86): CodeIgniter\CodeIgniter->run()
#13 /Users/patriot/Documents/Codeigniter/final project/kelontong/spark(57): CodeIgniter\CLI\Console->run()
#14 {main}
CRITICAL - 2020-11-29 04:05:12 --> Unable to connect to the database.
#0 /Users/patriot/Documents/Codeigniter/final project/kelontong/vendor/codeigniter4/framework/system/Database/BaseConnection.php(646): CodeIgniter\Database\BaseConnection->initialize()
#1 /Users/patriot/Documents/Codeigniter/final project/kelontong/vendor/codeigniter4/framework/system/Database/BaseConnection.php(1548): CodeIgniter\Database\BaseConnection->query('SHOW TABLES FRO...')
#2 /Users/patriot/Documents/Codeigniter/final project/kelontong/vendor/codeigniter4/framework/system/Database/BaseConnection.php(1591): CodeIgniter\Database\BaseConnection->listTables()
#3 /Users/patriot/Documents/Codeigniter/final project/kelontong/vendor/codeigniter4/framework/system/Database/MigrationRunner.php(945): CodeIgniter\Database\BaseConnection->tableExists('migrations')
#4 /Users/patriot/Documents/Codeigniter/final project/kelontong/vendor/codeigniter4/framework/system/Database/MigrationRunner.php(193): CodeIgniter\Database\MigrationRunner->ensureTable()
#5 /Users/patriot/Documents/Codeigniter/final project/kelontong/vendor/codeigniter4/framework/system/Commands/Database/Migrate.php(128): CodeIgniter\Database\MigrationRunner->latest(NULL)
#6 /Users/patriot/Documents/Codeigniter/final project/kelontong/vendor/codeigniter4/framework/system/CLI/Commands.php(100): CodeIgniter\Commands\Database\Migrate->run(Array)
#7 /Users/patriot/Documents/Codeigniter/final project/kelontong/vendor/codeigniter4/framework/system/CLI/CommandRunner.php(107): CodeIgniter\CLI\Commands->run('migrate', Array)
#8 /Users/patriot/Documents/Codeigniter/final project/kelontong/vendor/codeigniter4/framework/system/CLI/CommandRunner.php(85): CodeIgniter\CLI\CommandRunner->index(Array)
#9 /Users/patriot/Documents/Codeigniter/final project/kelontong/vendor/codeigniter4/framework/system/CodeIgniter.php(914): CodeIgniter\CLI\CommandRunner->_remap('index', 'migrate')
#10 /Users/patriot/Documents/Codeigniter/final project/kelontong/vendor/codeigniter4/framework/system/CodeIgniter.php(404): CodeIgniter\CodeIgniter->runController(Object(CodeIgniter\CLI\CommandRunner))
#11 /Users/patriot/Documents/Codeigniter/final project/kelontong/vendor/codeigniter4/framework/system/CodeIgniter.php(312): CodeIgniter\CodeIgniter->handleRequest(NULL, Object(Config\Cache), false)
#12 /Users/patriot/Documents/Codeigniter/final project/kelontong/vendor/codeigniter4/framework/system/CLI/Console.php(86): CodeIgniter\CodeIgniter->run()
#13 /Users/patriot/Documents/Codeigniter/final project/kelontong/spark(57): CodeIgniter\CLI\Console->run()
#14 {main}
CRITICAL - 2020-11-29 04:06:05 --> Unable to connect to the database.
#0 /Users/patriot/Documents/Codeigniter/final project/kelontong/vendor/codeigniter4/framework/system/Database/BaseConnection.php(646): CodeIgniter\Database\BaseConnection->initialize()
#1 /Users/patriot/Documents/Codeigniter/final project/kelontong/vendor/codeigniter4/framework/system/Database/BaseConnection.php(1548): CodeIgniter\Database\BaseConnection->query('SHOW TABLES FRO...')
#2 /Users/patriot/Documents/Codeigniter/final project/kelontong/vendor/codeigniter4/framework/system/Database/BaseConnection.php(1591): CodeIgniter\Database\BaseConnection->listTables()
#3 /Users/patriot/Documents/Codeigniter/final project/kelontong/vendor/codeigniter4/framework/system/Database/MigrationRunner.php(945): CodeIgniter\Database\BaseConnection->tableExists('migrations')
#4 /Users/patriot/Documents/Codeigniter/final project/kelontong/vendor/codeigniter4/framework/system/Database/MigrationRunner.php(193): CodeIgniter\Database\MigrationRunner->ensureTable()
#5 /Users/patriot/Documents/Codeigniter/final project/kelontong/vendor/codeigniter4/framework/system/Commands/Database/Migrate.php(128): CodeIgniter\Database\MigrationRunner->latest(NULL)
#6 /Users/patriot/Documents/Codeigniter/final project/kelontong/vendor/codeigniter4/framework/system/CLI/Commands.php(100): CodeIgniter\Commands\Database\Migrate->run(Array)
#7 /Users/patriot/Documents/Codeigniter/final project/kelontong/vendor/codeigniter4/framework/system/CLI/CommandRunner.php(107): CodeIgniter\CLI\Commands->run('migrate', Array)
#8 /Users/patriot/Documents/Codeigniter/final project/kelontong/vendor/codeigniter4/framework/system/CLI/CommandRunner.php(85): CodeIgniter\CLI\CommandRunner->index(Array)
#9 /Users/patriot/Documents/Codeigniter/final project/kelontong/vendor/codeigniter4/framework/system/CodeIgniter.php(914): CodeIgniter\CLI\CommandRunner->_remap('index', 'migrate')
#10 /Users/patriot/Documents/Codeigniter/final project/kelontong/vendor/codeigniter4/framework/system/CodeIgniter.php(404): CodeIgniter\CodeIgniter->runController(Object(CodeIgniter\CLI\CommandRunner))
#11 /Users/patriot/Documents/Codeigniter/final project/kelontong/vendor/codeigniter4/framework/system/CodeIgniter.php(312): CodeIgniter\CodeIgniter->handleRequest(NULL, Object(Config\Cache), false)
#12 /Users/patriot/Documents/Codeigniter/final project/kelontong/vendor/codeigniter4/framework/system/CLI/Console.php(86): CodeIgniter\CodeIgniter->run()
#13 /Users/patriot/Documents/Codeigniter/final project/kelontong/spark(57): CodeIgniter\CLI\Console->run()
#14 {main}
CRITICAL - 2020-11-29 04:07:37 --> Unable to connect to the database.
#0 /Users/patriot/Documents/Codeigniter/final project/kelontong/vendor/codeigniter4/framework/system/Database/BaseConnection.php(646): CodeIgniter\Database\BaseConnection->initialize()
#1 /Users/patriot/Documents/Codeigniter/final project/kelontong/vendor/codeigniter4/framework/system/Database/BaseConnection.php(1548): CodeIgniter\Database\BaseConnection->query('SHOW TABLES FRO...')
#2 /Users/patriot/Documents/Codeigniter/final project/kelontong/vendor/codeigniter4/framework/system/Database/BaseConnection.php(1591): CodeIgniter\Database\BaseConnection->listTables()
#3 /Users/patriot/Documents/Codeigniter/final project/kelontong/vendor/codeigniter4/framework/system/Database/MigrationRunner.php(945): CodeIgniter\Database\BaseConnection->tableExists('migrations')
#4 /Users/patriot/Documents/Codeigniter/final project/kelontong/vendor/codeigniter4/framework/system/Database/MigrationRunner.php(193): CodeIgniter\Database\MigrationRunner->ensureTable()
#5 /Users/patriot/Documents/Codeigniter/final project/kelontong/vendor/codeigniter4/framework/system/Commands/Database/Migrate.php(128): CodeIgniter\Database\MigrationRunner->latest(NULL)
#6 /Users/patriot/Documents/Codeigniter/final project/kelontong/vendor/codeigniter4/framework/system/CLI/Commands.php(100): CodeIgniter\Commands\Database\Migrate->run(Array)
#7 /Users/patriot/Documents/Codeigniter/final project/kelontong/vendor/codeigniter4/framework/system/CLI/CommandRunner.php(107): CodeIgniter\CLI\Commands->run('migrate', Array)
#8 /Users/patriot/Documents/Codeigniter/final project/kelontong/vendor/codeigniter4/framework/system/CLI/CommandRunner.php(85): CodeIgniter\CLI\CommandRunner->index(Array)
#9 /Users/patriot/Documents/Codeigniter/final project/kelontong/vendor/codeigniter4/framework/system/CodeIgniter.php(914): CodeIgniter\CLI\CommandRunner->_remap('index', 'migrate')
#10 /Users/patriot/Documents/Codeigniter/final project/kelontong/vendor/codeigniter4/framework/system/CodeIgniter.php(404): CodeIgniter\CodeIgniter->runController(Object(CodeIgniter\CLI\CommandRunner))
#11 /Users/patriot/Documents/Codeigniter/final project/kelontong/vendor/codeigniter4/framework/system/CodeIgniter.php(312): CodeIgniter\CodeIgniter->handleRequest(NULL, Object(Config\Cache), false)
#12 /Users/patriot/Documents/Codeigniter/final project/kelontong/vendor/codeigniter4/framework/system/CLI/Console.php(86): CodeIgniter\CodeIgniter->run()
#13 /Users/patriot/Documents/Codeigniter/final project/kelontong/spark(57): CodeIgniter\CLI\Console->run()
#14 {main}
CRITICAL - 2020-11-29 04:07:39 --> Unable to connect to the database.
#0 /Users/patriot/Documents/Codeigniter/final project/kelontong/vendor/codeigniter4/framework/system/Database/BaseConnection.php(646): CodeIgniter\Database\BaseConnection->initialize()
#1 /Users/patriot/Documents/Codeigniter/final project/kelontong/vendor/codeigniter4/framework/system/Database/BaseConnection.php(1548): CodeIgniter\Database\BaseConnection->query('SHOW TABLES FRO...')
#2 /Users/patriot/Documents/Codeigniter/final project/kelontong/vendor/codeigniter4/framework/system/Database/BaseConnection.php(1591): CodeIgniter\Database\BaseConnection->listTables()
#3 /Users/patriot/Documents/Codeigniter/final project/kelontong/vendor/codeigniter4/framework/system/Database/MigrationRunner.php(945): CodeIgniter\Database\BaseConnection->tableExists('migrations')
#4 /Users/patriot/Documents/Codeigniter/final project/kelontong/vendor/codeigniter4/framework/system/Database/MigrationRunner.php(193): CodeIgniter\Database\MigrationRunner->ensureTable()
#5 /Users/patriot/Documents/Codeigniter/final project/kelontong/vendor/codeigniter4/framework/system/Commands/Database/Migrate.php(128): CodeIgniter\Database\MigrationRunner->latest(NULL)
#6 /Users/patriot/Documents/Codeigniter/final project/kelontong/vendor/codeigniter4/framework/system/CLI/Commands.php(100): CodeIgniter\Commands\Database\Migrate->run(Array)
#7 /Users/patriot/Documents/Codeigniter/final project/kelontong/vendor/codeigniter4/framework/system/CLI/CommandRunner.php(107): CodeIgniter\CLI\Commands->run('migrate', Array)
#8 /Users/patriot/Documents/Codeigniter/final project/kelontong/vendor/codeigniter4/framework/system/CLI/CommandRunner.php(85): CodeIgniter\CLI\CommandRunner->index(Array)
#9 /Users/patriot/Documents/Codeigniter/final project/kelontong/vendor/codeigniter4/framework/system/CodeIgniter.php(914): CodeIgniter\CLI\CommandRunner->_remap('index', 'migrate')
#10 /Users/patriot/Documents/Codeigniter/final project/kelontong/vendor/codeigniter4/framework/system/CodeIgniter.php(404): CodeIgniter\CodeIgniter->runController(Object(CodeIgniter\CLI\CommandRunner))
#11 /Users/patriot/Documents/Codeigniter/final project/kelontong/vendor/codeigniter4/framework/system/CodeIgniter.php(312): CodeIgniter\CodeIgniter->handleRequest(NULL, Object(Config\Cache), false)
#12 /Users/patriot/Documents/Codeigniter/final project/kelontong/vendor/codeigniter4/framework/system/CLI/Console.php(86): CodeIgniter\CodeIgniter->run()
#13 /Users/patriot/Documents/Codeigniter/final project/kelontong/spark(57): CodeIgniter\CLI\Console->run()
#14 {main}
CRITICAL - 2020-11-29 04:07:40 --> Unable to connect to the database.
#0 /Users/patriot/Documents/Codeigniter/final project/kelontong/vendor/codeigniter4/framework/system/Database/BaseConnection.php(646): CodeIgniter\Database\BaseConnection->initialize()
#1 /Users/patriot/Documents/Codeigniter/final project/kelontong/vendor/codeigniter4/framework/system/Database/BaseConnection.php(1548): CodeIgniter\Database\BaseConnection->query('SHOW TABLES FRO...')
#2 /Users/patriot/Documents/Codeigniter/final project/kelontong/vendor/codeigniter4/framework/system/Database/BaseConnection.php(1591): CodeIgniter\Database\BaseConnection->listTables()
#3 /Users/patriot/Documents/Codeigniter/final project/kelontong/vendor/codeigniter4/framework/system/Database/MigrationRunner.php(945): CodeIgniter\Database\BaseConnection->tableExists('migrations')
#4 /Users/patriot/Documents/Codeigniter/final project/kelontong/vendor/codeigniter4/framework/system/Database/MigrationRunner.php(193): CodeIgniter\Database\MigrationRunner->ensureTable()
#5 /Users/patriot/Documents/Codeigniter/final project/kelontong/vendor/codeigniter4/framework/system/Commands/Database/Migrate.php(128): CodeIgniter\Database\MigrationRunner->latest(NULL)
#6 /Users/patriot/Documents/Codeigniter/final project/kelontong/vendor/codeigniter4/framework/system/CLI/Commands.php(100): CodeIgniter\Commands\Database\Migrate->run(Array)
#7 /Users/patriot/Documents/Codeigniter/final project/kelontong/vendor/codeigniter4/framework/system/CLI/CommandRunner.php(107): CodeIgniter\CLI\Commands->run('migrate', Array)
#8 /Users/patriot/Documents/Codeigniter/final project/kelontong/vendor/codeigniter4/framework/system/CLI/CommandRunner.php(85): CodeIgniter\CLI\CommandRunner->index(Array)
#9 /Users/patriot/Documents/Codeigniter/final project/kelontong/vendor/codeigniter4/framework/system/CodeIgniter.php(914): CodeIgniter\CLI\CommandRunner->_remap('index', 'migrate')
#10 /Users/patriot/Documents/Codeigniter/final project/kelontong/vendor/codeigniter4/framework/system/CodeIgniter.php(404): CodeIgniter\CodeIgniter->runController(Object(CodeIgniter\CLI\CommandRunner))
#11 /Users/patriot/Documents/Codeigniter/final project/kelontong/vendor/codeigniter4/framework/system/CodeIgniter.php(312): CodeIgniter\CodeIgniter->handleRequest(NULL, Object(Config\Cache), false)
#12 /Users/patriot/Documents/Codeigniter/final project/kelontong/vendor/codeigniter4/framework/system/CLI/Console.php(86): CodeIgniter\CodeIgniter->run()
#13 /Users/patriot/Documents/Codeigniter/final project/kelontong/spark(57): CodeIgniter\CLI\Console->run()
#14 {main}
CRITICAL - 2020-11-29 04:07:41 --> Unable to connect to the database.
#0 /Users/patriot/Documents/Codeigniter/final project/kelontong/vendor/codeigniter4/framework/system/Database/BaseConnection.php(646): CodeIgniter\Database\BaseConnection->initialize()
#1 /Users/patriot/Documents/Codeigniter/final project/kelontong/vendor/codeigniter4/framework/system/Database/BaseConnection.php(1548): CodeIgniter\Database\BaseConnection->query('SHOW TABLES FRO...')
#2 /Users/patriot/Documents/Codeigniter/final project/kelontong/vendor/codeigniter4/framework/system/Database/BaseConnection.php(1591): CodeIgniter\Database\BaseConnection->listTables()
#3 /Users/patriot/Documents/Codeigniter/final project/kelontong/vendor/codeigniter4/framework/system/Database/MigrationRunner.php(945): CodeIgniter\Database\BaseConnection->tableExists('migrations')
#4 /Users/patriot/Documents/Codeigniter/final project/kelontong/vendor/codeigniter4/framework/system/Database/MigrationRunner.php(193): CodeIgniter\Database\MigrationRunner->ensureTable()
#5 /Users/patriot/Documents/Codeigniter/final project/kelontong/vendor/codeigniter4/framework/system/Commands/Database/Migrate.php(128): CodeIgniter\Database\MigrationRunner->latest(NULL)
#6 /Users/patriot/Documents/Codeigniter/final project/kelontong/vendor/codeigniter4/framework/system/CLI/Commands.php(100): CodeIgniter\Commands\Database\Migrate->run(Array)
#7 /Users/patriot/Documents/Codeigniter/final project/kelontong/vendor/codeigniter4/framework/system/CLI/CommandRunner.php(107): CodeIgniter\CLI\Commands->run('migrate', Array)
#8 /Users/patriot/Documents/Codeigniter/final project/kelontong/vendor/codeigniter4/framework/system/CLI/CommandRunner.php(85): CodeIgniter\CLI\CommandRunner->index(Array)
#9 /Users/patriot/Documents/Codeigniter/final project/kelontong/vendor/codeigniter4/framework/system/CodeIgniter.php(914): CodeIgniter\CLI\CommandRunner->_remap('index', 'migrate')
#10 /Users/patriot/Documents/Codeigniter/final project/kelontong/vendor/codeigniter4/framework/system/CodeIgniter.php(404): CodeIgniter\CodeIgniter->runController(Object(CodeIgniter\CLI\CommandRunner))
#11 /Users/patriot/Documents/Codeigniter/final project/kelontong/vendor/codeigniter4/framework/system/CodeIgniter.php(312): CodeIgniter\CodeIgniter->handleRequest(NULL, Object(Config\Cache), false)
#12 /Users/patriot/Documents/Codeigniter/final project/kelontong/vendor/codeigniter4/framework/system/CLI/Console.php(86): CodeIgniter\CodeIgniter->run()
#13 /Users/patriot/Documents/Codeigniter/final project/kelontong/spark(57): CodeIgniter\CLI\Console->run()
#14 {main}
CRITICAL - 2020-11-29 04:07:42 --> Unable to connect to the database.
#0 /Users/patriot/Documents/Codeigniter/final project/kelontong/vendor/codeigniter4/framework/system/Database/BaseConnection.php(646): CodeIgniter\Database\BaseConnection->initialize()
#1 /Users/patriot/Documents/Codeigniter/final project/kelontong/vendor/codeigniter4/framework/system/Database/BaseConnection.php(1548): CodeIgniter\Database\BaseConnection->query('SHOW TABLES FRO...')
#2 /Users/patriot/Documents/Codeigniter/final project/kelontong/vendor/codeigniter4/framework/system/Database/BaseConnection.php(1591): CodeIgniter\Database\BaseConnection->listTables()
#3 /Users/patriot/Documents/Codeigniter/final project/kelontong/vendor/codeigniter4/framework/system/Database/MigrationRunner.php(945): CodeIgniter\Database\BaseConnection->tableExists('migrations')
#4 /Users/patriot/Documents/Codeigniter/final project/kelontong/vendor/codeigniter4/framework/system/Database/MigrationRunner.php(193): CodeIgniter\Database\MigrationRunner->ensureTable()
#5 /Users/patriot/Documents/Codeigniter/final project/kelontong/vendor/codeigniter4/framework/system/Commands/Database/Migrate.php(128): CodeIgniter\Database\MigrationRunner->latest(NULL)
#6 /Users/patriot/Documents/Codeigniter/final project/kelontong/vendor/codeigniter4/framework/system/CLI/Commands.php(100): CodeIgniter\Commands\Database\Migrate->run(Array)
#7 /Users/patriot/Documents/Codeigniter/final project/kelontong/vendor/codeigniter4/framework/system/CLI/CommandRunner.php(107): CodeIgniter\CLI\Commands->run('migrate', Array)
#8 /Users/patriot/Documents/Codeigniter/final project/kelontong/vendor/codeigniter4/framework/system/CLI/CommandRunner.php(85): CodeIgniter\CLI\CommandRunner->index(Array)
#9 /Users/patriot/Documents/Codeigniter/final project/kelontong/vendor/codeigniter4/framework/system/CodeIgniter.php(914): CodeIgniter\CLI\CommandRunner->_remap('index', 'migrate')
#10 /Users/patriot/Documents/Codeigniter/final project/kelontong/vendor/codeigniter4/framework/system/CodeIgniter.php(404): CodeIgniter\CodeIgniter->runController(Object(CodeIgniter\CLI\CommandRunner))
#11 /Users/patriot/Documents/Codeigniter/final project/kelontong/vendor/codeigniter4/framework/system/CodeIgniter.php(312): CodeIgniter\CodeIgniter->handleRequest(NULL, Object(Config\Cache), false)
#12 /Users/patriot/Documents/Codeigniter/final project/kelontong/vendor/codeigniter4/framework/system/CLI/Console.php(86): CodeIgniter\CodeIgniter->run()
#13 /Users/patriot/Documents/Codeigniter/final project/kelontong/spark(57): CodeIgniter\CLI\Console->run()
#14 {main}
CRITICAL - 2020-11-29 04:12:00 --> Unable to connect to the database.
#0 /Users/patriot/Documents/Codeigniter/final project/kelontong/vendor/codeigniter4/framework/system/Database/BaseConnection.php(646): CodeIgniter\Database\BaseConnection->initialize()
#1 /Users/patriot/Documents/Codeigniter/final project/kelontong/vendor/codeigniter4/framework/system/Database/BaseConnection.php(1548): CodeIgniter\Database\BaseConnection->query('SHOW TABLES FRO...')
#2 /Users/patriot/Documents/Codeigniter/final project/kelontong/vendor/codeigniter4/framework/system/Database/BaseConnection.php(1591): CodeIgniter\Database\BaseConnection->listTables()
#3 /Users/patriot/Documents/Codeigniter/final project/kelontong/vendor/codeigniter4/framework/system/Database/MigrationRunner.php(945): CodeIgniter\Database\BaseConnection->tableExists('migrations')
#4 /Users/patriot/Documents/Codeigniter/final project/kelontong/vendor/codeigniter4/framework/system/Database/MigrationRunner.php(193): CodeIgniter\Database\MigrationRunner->ensureTable()
#5 /Users/patriot/Documents/Codeigniter/final project/kelontong/vendor/codeigniter4/framework/system/Commands/Database/Migrate.php(128): CodeIgniter\Database\MigrationRunner->latest(NULL)
#6 /Users/patriot/Documents/Codeigniter/final project/kelontong/vendor/codeigniter4/framework/system/CLI/Commands.php(100): CodeIgniter\Commands\Database\Migrate->run(Array)
#7 /Users/patriot/Documents/Codeigniter/final project/kelontong/vendor/codeigniter4/framework/system/CLI/CommandRunner.php(107): CodeIgniter\CLI\Commands->run('migrate', Array)
#8 /Users/patriot/Documents/Codeigniter/final project/kelontong/vendor/codeigniter4/framework/system/CLI/CommandRunner.php(85): CodeIgniter\CLI\CommandRunner->index(Array)
#9 /Users/patriot/Documents/Codeigniter/final project/kelontong/vendor/codeigniter4/framework/system/CodeIgniter.php(914): CodeIgniter\CLI\CommandRunner->_remap('index', 'migrate')
#10 /Users/patriot/Documents/Codeigniter/final project/kelontong/vendor/codeigniter4/framework/system/CodeIgniter.php(404): CodeIgniter\CodeIgniter->runController(Object(CodeIgniter\CLI\CommandRunner))
#11 /Users/patriot/Documents/Codeigniter/final project/kelontong/vendor/codeigniter4/framework/system/CodeIgniter.php(312): CodeIgniter\CodeIgniter->handleRequest(NULL, Object(Config\Cache), false)
#12 /Users/patriot/Documents/Codeigniter/final project/kelontong/vendor/codeigniter4/framework/system/CLI/Console.php(86): CodeIgniter\CodeIgniter->run()
#13 /Users/patriot/Documents/Codeigniter/final project/kelontong/spark(57): CodeIgniter\CLI\Console->run()
#14 {main}
CRITICAL - 2020-11-29 04:50:19 --> Unable to connect to the database.
#0 /Users/patriot/Documents/Codeigniter/final project/kelontong/vendor/codeigniter4/framework/system/Database/BaseConnection.php(646): CodeIgniter\Database\BaseConnection->initialize()
#1 /Users/patriot/Documents/Codeigniter/final project/kelontong/vendor/codeigniter4/framework/system/Database/BaseConnection.php(1548): CodeIgniter\Database\BaseConnection->query('SHOW TABLES FRO...')
#2 /Users/patriot/Documents/Codeigniter/final project/kelontong/vendor/codeigniter4/framework/system/Database/BaseConnection.php(1591): CodeIgniter\Database\BaseConnection->listTables()
#3 /Users/patriot/Documents/Codeigniter/final project/kelontong/vendor/codeigniter4/framework/system/Database/MigrationRunner.php(945): CodeIgniter\Database\BaseConnection->tableExists('migrations')
#4 /Users/patriot/Documents/Codeigniter/final project/kelontong/vendor/codeigniter4/framework/system/Database/MigrationRunner.php(193): CodeIgniter\Database\MigrationRunner->ensureTable()
#5 /Users/patriot/Documents/Codeigniter/final project/kelontong/vendor/codeigniter4/framework/system/Commands/Database/Migrate.php(128): CodeIgniter\Database\MigrationRunner->latest(NULL)
#6 /Users/patriot/Documents/Codeigniter/final project/kelontong/vendor/codeigniter4/framework/system/CLI/Commands.php(100): CodeIgniter\Commands\Database\Migrate->run(Array)
#7 /Users/patriot/Documents/Codeigniter/final project/kelontong/vendor/codeigniter4/framework/system/CLI/CommandRunner.php(107): CodeIgniter\CLI\Commands->run('migrate', Array)
#8 /Users/patriot/Documents/Codeigniter/final project/kelontong/vendor/codeigniter4/framework/system/CLI/CommandRunner.php(85): CodeIgniter\CLI\CommandRunner->index(Array)
#9 /Users/patriot/Documents/Codeigniter/final project/kelontong/vendor/codeigniter4/framework/system/CodeIgniter.php(914): CodeIgniter\CLI\CommandRunner->_remap('index', 'migrate')
#10 /Users/patriot/Documents/Codeigniter/final project/kelontong/vendor/codeigniter4/framework/system/CodeIgniter.php(404): CodeIgniter\CodeIgniter->runController(Object(CodeIgniter\CLI\CommandRunner))
#11 /Users/patriot/Documents/Codeigniter/final project/kelontong/vendor/codeigniter4/framework/system/CodeIgniter.php(312): CodeIgniter\CodeIgniter->handleRequest(NULL, Object(Config\Cache), false)
#12 /Users/patriot/Documents/Codeigniter/final project/kelontong/vendor/codeigniter4/framework/system/CLI/Console.php(86): CodeIgniter\CodeIgniter->run()
#13 /Users/patriot/Documents/Codeigniter/final project/kelontong/spark(57): CodeIgniter\CLI\Console->run()
#14 {main}
CRITICAL - 2020-11-29 04:50:20 --> Unable to connect to the database.
#0 /Users/patriot/Documents/Codeigniter/final project/kelontong/vendor/codeigniter4/framework/system/Database/BaseConnection.php(646): CodeIgniter\Database\BaseConnection->initialize()
#1 /Users/patriot/Documents/Codeigniter/final project/kelontong/vendor/codeigniter4/framework/system/Database/BaseConnection.php(1548): CodeIgniter\Database\BaseConnection->query('SHOW TABLES FRO...')
#2 /Users/patriot/Documents/Codeigniter/final project/kelontong/vendor/codeigniter4/framework/system/Database/BaseConnection.php(1591): CodeIgniter\Database\BaseConnection->listTables()
#3 /Users/patriot/Documents/Codeigniter/final project/kelontong/vendor/codeigniter4/framework/system/Database/MigrationRunner.php(945): CodeIgniter\Database\BaseConnection->tableExists('migrations')
#4 /Users/patriot/Documents/Codeigniter/final project/kelontong/vendor/codeigniter4/framework/system/Database/MigrationRunner.php(193): CodeIgniter\Database\MigrationRunner->ensureTable()
#5 /Users/patriot/Documents/Codeigniter/final project/kelontong/vendor/codeigniter4/framework/system/Commands/Database/Migrate.php(128): CodeIgniter\Database\MigrationRunner->latest(NULL)
#6 /Users/patriot/Documents/Codeigniter/final project/kelontong/vendor/codeigniter4/framework/system/CLI/Commands.php(100): CodeIgniter\Commands\Database\Migrate->run(Array)
#7 /Users/patriot/Documents/Codeigniter/final project/kelontong/vendor/codeigniter4/framework/system/CLI/CommandRunner.php(107): CodeIgniter\CLI\Commands->run('migrate', Array)
#8 /Users/patriot/Documents/Codeigniter/final project/kelontong/vendor/codeigniter4/framework/system/CLI/CommandRunner.php(85): CodeIgniter\CLI\CommandRunner->index(Array)
#9 /Users/patriot/Documents/Codeigniter/final project/kelontong/vendor/codeigniter4/framework/system/CodeIgniter.php(914): CodeIgniter\CLI\CommandRunner->_remap('index', 'migrate')
#10 /Users/patriot/Documents/Codeigniter/final project/kelontong/vendor/codeigniter4/framework/system/CodeIgniter.php(404): CodeIgniter\CodeIgniter->runController(Object(CodeIgniter\CLI\CommandRunner))
#11 /Users/patriot/Documents/Codeigniter/final project/kelontong/vendor/codeigniter4/framework/system/CodeIgniter.php(312): CodeIgniter\CodeIgniter->handleRequest(NULL, Object(Config\Cache), false)
#12 /Users/patriot/Documents/Codeigniter/final project/kelontong/vendor/codeigniter4/framework/system/CLI/Console.php(86): CodeIgniter\CodeIgniter->run()
#13 /Users/patriot/Documents/Codeigniter/final project/kelontong/spark(57): CodeIgniter\CLI\Console->run()
#14 {main}
CRITICAL - 2020-11-29 04:50:25 --> Unable to connect to the database.
#0 /Users/patriot/Documents/Codeigniter/final project/kelontong/vendor/codeigniter4/framework/system/Database/BaseConnection.php(646): CodeIgniter\Database\BaseConnection->initialize()
#1 /Users/patriot/Documents/Codeigniter/final project/kelontong/vendor/codeigniter4/framework/system/Database/BaseConnection.php(1548): CodeIgniter\Database\BaseConnection->query('SHOW TABLES FRO...')
#2 /Users/patriot/Documents/Codeigniter/final project/kelontong/vendor/codeigniter4/framework/system/Database/BaseConnection.php(1591): CodeIgniter\Database\BaseConnection->listTables()
#3 /Users/patriot/Documents/Codeigniter/final project/kelontong/vendor/codeigniter4/framework/system/Database/MigrationRunner.php(945): CodeIgniter\Database\BaseConnection->tableExists('migrations')
#4 /Users/patriot/Documents/Codeigniter/final project/kelontong/vendor/codeigniter4/framework/system/Database/MigrationRunner.php(796): CodeIgniter\Database\MigrationRunner->ensureTable()
#5 /Users/patriot/Documents/Codeigniter/final project/kelontong/vendor/codeigniter4/framework/system/Commands/Database/MigrateStatus.php(153): CodeIgniter\Database\MigrationRunner->getHistory()
#6 /Users/patriot/Documents/Codeigniter/final project/kelontong/vendor/codeigniter4/framework/system/CLI/Commands.php(100): CodeIgniter\Commands\Database\MigrateStatus->run(Array)
#7 /Users/patriot/Documents/Codeigniter/final project/kelontong/vendor/codeigniter4/framework/system/CLI/CommandRunner.php(107): CodeIgniter\CLI\Commands->run('migrate:status', Array)
#8 /Users/patriot/Documents/Codeigniter/final project/kelontong/vendor/codeigniter4/framework/system/CLI/CommandRunner.php(85): CodeIgniter\CLI\CommandRunner->index(Array)
#9 /Users/patriot/Documents/Codeigniter/final project/kelontong/vendor/codeigniter4/framework/system/CodeIgniter.php(914): CodeIgniter\CLI\CommandRunner->_remap('index', 'migrate:status')
#10 /Users/patriot/Documents/Codeigniter/final project/kelontong/vendor/codeigniter4/framework/system/CodeIgniter.php(404): CodeIgniter\CodeIgniter->runController(Object(CodeIgniter\CLI\CommandRunner))
#11 /Users/patriot/Documents/Codeigniter/final project/kelontong/vendor/codeigniter4/framework/system/CodeIgniter.php(312): CodeIgniter\CodeIgniter->handleRequest(NULL, Object(Config\Cache), false)
#12 /Users/patriot/Documents/Codeigniter/final project/kelontong/vendor/codeigniter4/framework/system/CLI/Console.php(86): CodeIgniter\CodeIgniter->run()
#13 /Users/patriot/Documents/Codeigniter/final project/kelontong/spark(57): CodeIgniter\CLI\Console->run()
#14 {main}
CRITICAL - 2020-11-29 04:51:03 --> Unable to connect to the database.
#0 /Users/patriot/Documents/Codeigniter/final project/kelontong/vendor/codeigniter4/framework/system/Database/BaseConnection.php(646): CodeIgniter\Database\BaseConnection->initialize()
#1 /Users/patriot/Documents/Codeigniter/final project/kelontong/vendor/codeigniter4/framework/system/Database/BaseConnection.php(1548): CodeIgniter\Database\BaseConnection->query('SHOW TABLES FRO...')
#2 /Users/patriot/Documents/Codeigniter/final project/kelontong/vendor/codeigniter4/framework/system/Database/BaseConnection.php(1591): CodeIgniter\Database\BaseConnection->listTables()
#3 /Users/patriot/Documents/Codeigniter/final project/kelontong/vendor/codeigniter4/framework/system/Database/MigrationRunner.php(945): CodeIgniter\Database\BaseConnection->tableExists('migrations')
#4 /Users/patriot/Documents/Codeigniter/final project/kelontong/vendor/codeigniter4/framework/system/Database/MigrationRunner.php(796): CodeIgniter\Database\MigrationRunner->ensureTable()
#5 /Users/patriot/Documents/Codeigniter/final project/kelontong/vendor/codeigniter4/framework/system/Commands/Database/MigrateStatus.php(153): CodeIgniter\Database\MigrationRunner->getHistory()
#6 /Users/patriot/Documents/Codeigniter/final project/kelontong/vendor/codeigniter4/framework/system/CLI/Commands.php(100): CodeIgniter\Commands\Database\MigrateStatus->run(Array)
#7 /Users/patriot/Documents/Codeigniter/final project/kelontong/vendor/codeigniter4/framework/system/CLI/CommandRunner.php(107): CodeIgniter\CLI\Commands->run('migrate:status', Array)
#8 /Users/patriot/Documents/Codeigniter/final project/kelontong/vendor/codeigniter4/framework/system/CLI/CommandRunner.php(85): CodeIgniter\CLI\CommandRunner->index(Array)
#9 /Users/patriot/Documents/Codeigniter/final project/kelontong/vendor/codeigniter4/framework/system/CodeIgniter.php(914): CodeIgniter\CLI\CommandRunner->_remap('index', 'migrate:status')
#10 /Users/patriot/Documents/Codeigniter/final project/kelontong/vendor/codeigniter4/framework/system/CodeIgniter.php(404): CodeIgniter\CodeIgniter->runController(Object(CodeIgniter\CLI\CommandRunner))
#11 /Users/patriot/Documents/Codeigniter/final project/kelontong/vendor/codeigniter4/framework/system/CodeIgniter.php(312): CodeIgniter\CodeIgniter->handleRequest(NULL, Object(Config\Cache), false)
#12 /Users/patriot/Documents/Codeigniter/final project/kelontong/vendor/codeigniter4/framework/system/CLI/Console.php(86): CodeIgniter\CodeIgniter->run()
#13 /Users/patriot/Documents/Codeigniter/final project/kelontong/spark(57): CodeIgniter\CLI\Console->run()
#14 {main}
CRITICAL - 2020-11-29 05:02:17 --> Unable to connect to the database.
#0 /Users/patriot/Documents/Codeigniter/final project/kelontong/vendor/codeigniter4/framework/system/Database/BaseConnection.php(646): CodeIgniter\Database\BaseConnection->initialize()
#1 /Users/patriot/Documents/Codeigniter/final project/kelontong/vendor/codeigniter4/framework/system/Database/BaseConnection.php(1548): CodeIgniter\Database\BaseConnection->query('SHOW TABLES FRO...')
#2 /Users/patriot/Documents/Codeigniter/final project/kelontong/vendor/codeigniter4/framework/system/Database/BaseConnection.php(1591): CodeIgniter\Database\BaseConnection->listTables()
#3 /Users/patriot/Documents/Codeigniter/final project/kelontong/vendor/codeigniter4/framework/system/Database/MigrationRunner.php(945): CodeIgniter\Database\BaseConnection->tableExists('migrations')
#4 /Users/patriot/Documents/Codeigniter/final project/kelontong/vendor/codeigniter4/framework/system/Database/MigrationRunner.php(193): CodeIgniter\Database\MigrationRunner->ensureTable()
#5 /Users/patriot/Documents/Codeigniter/final project/kelontong/vendor/codeigniter4/framework/system/Commands/Database/Migrate.php(128): CodeIgniter\Database\MigrationRunner->latest(NULL)
#6 /Users/patriot/Documents/Codeigniter/final project/kelontong/vendor/codeigniter4/framework/system/CLI/Commands.php(100): CodeIgniter\Commands\Database\Migrate->run(Array)
#7 /Users/patriot/Documents/Codeigniter/final project/kelontong/vendor/codeigniter4/framework/system/CLI/CommandRunner.php(107): CodeIgniter\CLI\Commands->run('migrate', Array)
#8 /Users/patriot/Documents/Codeigniter/final project/kelontong/vendor/codeigniter4/framework/system/CLI/CommandRunner.php(85): CodeIgniter\CLI\CommandRunner->index(Array)
#9 /Users/patriot/Documents/Codeigniter/final project/kelontong/vendor/codeigniter4/framework/system/CodeIgniter.php(914): CodeIgniter\CLI\CommandRunner->_remap('index', 'migrate')
#10 /Users/patriot/Documents/Codeigniter/final project/kelontong/vendor/codeigniter4/framework/system/CodeIgniter.php(404): CodeIgniter\CodeIgniter->runController(Object(CodeIgniter\CLI\CommandRunner))
#11 /Users/patriot/Documents/Codeigniter/final project/kelontong/vendor/codeigniter4/framework/system/CodeIgniter.php(312): CodeIgniter\CodeIgniter->handleRequest(NULL, Object(Config\Cache), false)
#12 /Users/patriot/Documents/Codeigniter/final project/kelontong/vendor/codeigniter4/framework/system/CLI/Console.php(86): CodeIgniter\CodeIgniter->run()
#13 /Users/patriot/Documents/Codeigniter/final project/kelontong/spark(57): CodeIgniter\CLI\Console->run()
#14 {main}
