CRITICAL - 2020-12-01 00:32:52 --> Call to undefined method CodeIgniter\Database\MySQLi\Builder::getRowArray()
#0 /Users/patriot/Documents/Codeigniter/final project/kelontong/app/Controllers/Admin/Products.php(23): App\Models\Products_model->getSpecified()
#1 /Users/patriot/Documents/Codeigniter/final project/kelontong/vendor/codeigniter4/framework/system/CodeIgniter.php(918): App\Controllers\Admin\Products->show()
#2 /Users/patriot/Documents/Codeigniter/final project/kelontong/vendor/codeigniter4/framework/system/CodeIgniter.php(404): CodeIgniter\CodeIgniter->runController(Object(App\Controllers\Admin\Products))
#3 /Users/patriot/Documents/Codeigniter/final project/kelontong/vendor/codeigniter4/framework/system/CodeIgniter.php(312): CodeIgniter\CodeIgniter->handleRequest(NULL, Object(Config\Cache), false)
#4 /Users/patriot/Documents/Codeigniter/final project/kelontong/public/index.php(45): CodeIgniter\CodeIgniter->run()
#5 /Users/patriot/Documents/Codeigniter/final project/kelontong/vendor/codeigniter4/framework/system/Commands/Server/rewrite.php(34): require_once('/Users/patriot/...')
#6 {main}
CRITICAL - 2020-12-01 01:19:59 --> Call to undefined method CodeIgniter\Database\MySQLi\Builder::findall()
#0 /Users/patriot/Documents/Codeigniter/final project/kelontong/app/Controllers/Admin/Products.php(24): App\Models\Products_model->getSpecified()
#1 /Users/patriot/Documents/Codeigniter/final project/kelontong/vendor/codeigniter4/framework/system/CodeIgniter.php(918): App\Controllers\Admin\Products->show()
#2 /Users/patriot/Documents/Codeigniter/final project/kelontong/vendor/codeigniter4/framework/system/CodeIgniter.php(404): CodeIgniter\CodeIgniter->runController(Object(App\Controllers\Admin\Products))
#3 /Users/patriot/Documents/Codeigniter/final project/kelontong/vendor/codeigniter4/framework/system/CodeIgniter.php(312): CodeIgniter\CodeIgniter->handleRequest(NULL, Object(Config\Cache), false)
#4 /Users/patriot/Documents/Codeigniter/final project/kelontong/public/index.php(45): CodeIgniter\CodeIgniter->run()
#5 /Users/patriot/Documents/Codeigniter/final project/kelontong/vendor/codeigniter4/framework/system/Commands/Server/rewrite.php(34): require_once('/Users/patriot/...')
#6 {main}
CRITICAL - 2020-12-01 03:01:46 --> Operand should contain 1 column(s)
#0 /Users/patriot/Documents/Codeigniter/final project/kelontong/vendor/codeigniter4/framework/system/Database/MySQLi/Connection.php(331): mysqli->query('UPDATE `product...')
#1 /Users/patriot/Documents/Codeigniter/final project/kelontong/vendor/codeigniter4/framework/system/Database/BaseConnection.php(741): CodeIgniter\Database\MySQLi\Connection->execute('UPDATE `product...')
#2 /Users/patriot/Documents/Codeigniter/final project/kelontong/vendor/codeigniter4/framework/system/Database/BaseConnection.php(669): CodeIgniter\Database\BaseConnection->simpleQuery('UPDATE `product...')
#3 /Users/patriot/Documents/Codeigniter/final project/kelontong/vendor/codeigniter4/framework/system/Database/BaseBuilder.php(2456): CodeIgniter\Database\BaseConnection->query('UPDATE `product...', Array, false)
#4 /Users/patriot/Documents/Codeigniter/final project/kelontong/app/Models/Products_model.php(43): CodeIgniter\Database\BaseBuilder->update(Array)
#5 /Users/patriot/Documents/Codeigniter/final project/kelontong/app/Controllers/Admin/Products.php(104): App\Models\Products_model->updateProdut(Array, Array)
#6 /Users/patriot/Documents/Codeigniter/final project/kelontong/vendor/codeigniter4/framework/system/CodeIgniter.php(918): App\Controllers\Admin\Products->update(Array)
#7 /Users/patriot/Documents/Codeigniter/final project/kelontong/vendor/codeigniter4/framework/system/CodeIgniter.php(404): CodeIgniter\CodeIgniter->runController(Object(App\Controllers\Admin\Products))
#8 /Users/patriot/Documents/Codeigniter/final project/kelontong/vendor/codeigniter4/framework/system/CodeIgniter.php(312): CodeIgniter\CodeIgniter->handleRequest(NULL, Object(Config\Cache), false)
#9 /Users/patriot/Documents/Codeigniter/final project/kelontong/public/index.php(45): CodeIgniter\CodeIgniter->run()
#10 /Users/patriot/Documents/Codeigniter/final project/kelontong/vendor/codeigniter4/framework/system/Commands/Server/rewrite.php(34): require_once('/Users/patriot/...')
#11 {main}
CRITICAL - 2020-12-01 05:21:09 --> Operand should contain 1 column(s)
#0 /Users/patriot/Documents/Codeigniter/final project/kelontong/vendor/codeigniter4/framework/system/Database/MySQLi/Connection.php(331): mysqli->query('UPDATE `product...')
#1 /Users/patriot/Documents/Codeigniter/final project/kelontong/vendor/codeigniter4/framework/system/Database/BaseConnection.php(741): CodeIgniter\Database\MySQLi\Connection->execute('UPDATE `product...')
#2 /Users/patriot/Documents/Codeigniter/final project/kelontong/vendor/codeigniter4/framework/system/Database/BaseConnection.php(669): CodeIgniter\Database\BaseConnection->simpleQuery('UPDATE `product...')
#3 /Users/patriot/Documents/Codeigniter/final project/kelontong/vendor/codeigniter4/framework/system/Database/BaseBuilder.php(2456): CodeIgniter\Database\BaseConnection->query('UPDATE `product...', Array, false)
#4 /Users/patriot/Documents/Codeigniter/final project/kelontong/app/Models/Products_model.php(43): CodeIgniter\Database\BaseBuilder->update(Array)
#5 /Users/patriot/Documents/Codeigniter/final project/kelontong/app/Controllers/Admin/Products.php(104): App\Models\Products_model->updateProdut(Array, Array)
#6 /Users/patriot/Documents/Codeigniter/final project/kelontong/vendor/codeigniter4/framework/system/CodeIgniter.php(918): App\Controllers\Admin\Products->update(Array)
#7 /Users/patriot/Documents/Codeigniter/final project/kelontong/vendor/codeigniter4/framework/system/CodeIgniter.php(404): CodeIgniter\CodeIgniter->runController(Object(App\Controllers\Admin\Products))
#8 /Users/patriot/Documents/Codeigniter/final project/kelontong/vendor/codeigniter4/framework/system/CodeIgniter.php(312): CodeIgniter\CodeIgniter->handleRequest(NULL, Object(Config\Cache), false)
#9 /Users/patriot/Documents/Codeigniter/final project/kelontong/public/index.php(45): CodeIgniter\CodeIgniter->run()
#10 /Users/patriot/Documents/Codeigniter/final project/kelontong/vendor/codeigniter4/framework/system/Commands/Server/rewrite.php(34): require_once('/Users/patriot/...')
#11 {main}
CRITICAL - 2020-12-01 05:22:05 --> Operand should contain 1 column(s)
#0 /Users/patriot/Documents/Codeigniter/final project/kelontong/vendor/codeigniter4/framework/system/Database/MySQLi/Connection.php(331): mysqli->query('UPDATE `product...')
#1 /Users/patriot/Documents/Codeigniter/final project/kelontong/vendor/codeigniter4/framework/system/Database/BaseConnection.php(741): CodeIgniter\Database\MySQLi\Connection->execute('UPDATE `product...')
#2 /Users/patriot/Documents/Codeigniter/final project/kelontong/vendor/codeigniter4/framework/system/Database/BaseConnection.php(669): CodeIgniter\Database\BaseConnection->simpleQuery('UPDATE `product...')
#3 /Users/patriot/Documents/Codeigniter/final project/kelontong/vendor/codeigniter4/framework/system/Database/BaseBuilder.php(2456): CodeIgniter\Database\BaseConnection->query('UPDATE `product...', Array, false)
#4 /Users/patriot/Documents/Codeigniter/final project/kelontong/app/Models/Products_model.php(43): CodeIgniter\Database\BaseBuilder->update(Array)
#5 /Users/patriot/Documents/Codeigniter/final project/kelontong/app/Controllers/Admin/Products.php(104): App\Models\Products_model->updateProdut(Array, Array)
#6 /Users/patriot/Documents/Codeigniter/final project/kelontong/vendor/codeigniter4/framework/system/CodeIgniter.php(918): App\Controllers\Admin\Products->update(Array)
#7 /Users/patriot/Documents/Codeigniter/final project/kelontong/vendor/codeigniter4/framework/system/CodeIgniter.php(404): CodeIgniter\CodeIgniter->runController(Object(App\Controllers\Admin\Products))
#8 /Users/patriot/Documents/Codeigniter/final project/kelontong/vendor/codeigniter4/framework/system/CodeIgniter.php(312): CodeIgniter\CodeIgniter->handleRequest(NULL, Object(Config\Cache), false)
#9 /Users/patriot/Documents/Codeigniter/final project/kelontong/public/index.php(45): CodeIgniter\CodeIgniter->run()
#10 /Users/patriot/Documents/Codeigniter/final project/kelontong/vendor/codeigniter4/framework/system/Commands/Server/rewrite.php(34): require_once('/Users/patriot/...')
#11 {main}
CRITICAL - 2020-12-01 05:22:44 --> Operand should contain 1 column(s)
#0 /Users/patriot/Documents/Codeigniter/final project/kelontong/vendor/codeigniter4/framework/system/Database/MySQLi/Connection.php(331): mysqli->query('UPDATE `product...')
#1 /Users/patriot/Documents/Codeigniter/final project/kelontong/vendor/codeigniter4/framework/system/Database/BaseConnection.php(741): CodeIgniter\Database\MySQLi\Connection->execute('UPDATE `product...')
#2 /Users/patriot/Documents/Codeigniter/final project/kelontong/vendor/codeigniter4/framework/system/Database/BaseConnection.php(669): CodeIgniter\Database\BaseConnection->simpleQuery('UPDATE `product...')
#3 /Users/patriot/Documents/Codeigniter/final project/kelontong/vendor/codeigniter4/framework/system/Database/BaseBuilder.php(2456): CodeIgniter\Database\BaseConnection->query('UPDATE `product...', Array, false)
#4 /Users/patriot/Documents/Codeigniter/final project/kelontong/app/Models/Products_model.php(43): CodeIgniter\Database\BaseBuilder->update(Array)
#5 /Users/patriot/Documents/Codeigniter/final project/kelontong/app/Controllers/Admin/Products.php(104): App\Models\Products_model->updateProdut(Array, Array)
#6 /Users/patriot/Documents/Codeigniter/final project/kelontong/vendor/codeigniter4/framework/system/CodeIgniter.php(918): App\Controllers\Admin\Products->update(Array)
#7 /Users/patriot/Documents/Codeigniter/final project/kelontong/vendor/codeigniter4/framework/system/CodeIgniter.php(404): CodeIgniter\CodeIgniter->runController(Object(App\Controllers\Admin\Products))
#8 /Users/patriot/Documents/Codeigniter/final project/kelontong/vendor/codeigniter4/framework/system/CodeIgniter.php(312): CodeIgniter\CodeIgniter->handleRequest(NULL, Object(Config\Cache), false)
#9 /Users/patriot/Documents/Codeigniter/final project/kelontong/public/index.php(45): CodeIgniter\CodeIgniter->run()
#10 /Users/patriot/Documents/Codeigniter/final project/kelontong/vendor/codeigniter4/framework/system/Commands/Server/rewrite.php(34): require_once('/Users/patriot/...')
#11 {main}
CRITICAL - 2020-12-01 05:23:04 --> Operand should contain 1 column(s)
#0 /Users/patriot/Documents/Codeigniter/final project/kelontong/vendor/codeigniter4/framework/system/Database/MySQLi/Connection.php(331): mysqli->query('UPDATE `product...')
#1 /Users/patriot/Documents/Codeigniter/final project/kelontong/vendor/codeigniter4/framework/system/Database/BaseConnection.php(741): CodeIgniter\Database\MySQLi\Connection->execute('UPDATE `product...')
#2 /Users/patriot/Documents/Codeigniter/final project/kelontong/vendor/codeigniter4/framework/system/Database/BaseConnection.php(669): CodeIgniter\Database\BaseConnection->simpleQuery('UPDATE `product...')
#3 /Users/patriot/Documents/Codeigniter/final project/kelontong/vendor/codeigniter4/framework/system/Database/BaseBuilder.php(2456): CodeIgniter\Database\BaseConnection->query('UPDATE `product...', Array, false)
#4 /Users/patriot/Documents/Codeigniter/final project/kelontong/app/Models/Products_model.php(43): CodeIgniter\Database\BaseBuilder->update(Array)
#5 /Users/patriot/Documents/Codeigniter/final project/kelontong/app/Controllers/Admin/Products.php(104): App\Models\Products_model->updateProdut(Array, Array)
#6 /Users/patriot/Documents/Codeigniter/final project/kelontong/vendor/codeigniter4/framework/system/CodeIgniter.php(918): App\Controllers\Admin\Products->update(Array)
#7 /Users/patriot/Documents/Codeigniter/final project/kelontong/vendor/codeigniter4/framework/system/CodeIgniter.php(404): CodeIgniter\CodeIgniter->runController(Object(App\Controllers\Admin\Products))
#8 /Users/patriot/Documents/Codeigniter/final project/kelontong/vendor/codeigniter4/framework/system/CodeIgniter.php(312): CodeIgniter\CodeIgniter->handleRequest(NULL, Object(Config\Cache), false)
#9 /Users/patriot/Documents/Codeigniter/final project/kelontong/public/index.php(45): CodeIgniter\CodeIgniter->run()
#10 /Users/patriot/Documents/Codeigniter/final project/kelontong/vendor/codeigniter4/framework/system/Commands/Server/rewrite.php(34): require_once('/Users/patriot/...')
#11 {main}
CRITICAL - 2020-12-01 05:23:19 --> Operand should contain 1 column(s)
#0 /Users/patriot/Documents/Codeigniter/final project/kelontong/vendor/codeigniter4/framework/system/Database/MySQLi/Connection.php(331): mysqli->query('UPDATE `product...')
#1 /Users/patriot/Documents/Codeigniter/final project/kelontong/vendor/codeigniter4/framework/system/Database/BaseConnection.php(741): CodeIgniter\Database\MySQLi\Connection->execute('UPDATE `product...')
#2 /Users/patriot/Documents/Codeigniter/final project/kelontong/vendor/codeigniter4/framework/system/Database/BaseConnection.php(669): CodeIgniter\Database\BaseConnection->simpleQuery('UPDATE `product...')
#3 /Users/patriot/Documents/Codeigniter/final project/kelontong/vendor/codeigniter4/framework/system/Database/BaseBuilder.php(2456): CodeIgniter\Database\BaseConnection->query('UPDATE `product...', Array, false)
#4 /Users/patriot/Documents/Codeigniter/final project/kelontong/app/Models/Products_model.php(43): CodeIgniter\Database\BaseBuilder->update(Array)
#5 /Users/patriot/Documents/Codeigniter/final project/kelontong/app/Controllers/Admin/Products.php(104): App\Models\Products_model->updateProdut(Array, Array)
#6 /Users/patriot/Documents/Codeigniter/final project/kelontong/vendor/codeigniter4/framework/system/CodeIgniter.php(918): App\Controllers\Admin\Products->update(Array)
#7 /Users/patriot/Documents/Codeigniter/final project/kelontong/vendor/codeigniter4/framework/system/CodeIgniter.php(404): CodeIgniter\CodeIgniter->runController(Object(App\Controllers\Admin\Products))
#8 /Users/patriot/Documents/Codeigniter/final project/kelontong/vendor/codeigniter4/framework/system/CodeIgniter.php(312): CodeIgniter\CodeIgniter->handleRequest(NULL, Object(Config\Cache), false)
#9 /Users/patriot/Documents/Codeigniter/final project/kelontong/public/index.php(45): CodeIgniter\CodeIgniter->run()
#10 /Users/patriot/Documents/Codeigniter/final project/kelontong/vendor/codeigniter4/framework/system/Commands/Server/rewrite.php(34): require_once('/Users/patriot/...')
#11 {main}
CRITICAL - 2020-12-01 05:25:48 --> Operand should contain 1 column(s)
#0 /Users/patriot/Documents/Codeigniter/final project/kelontong/vendor/codeigniter4/framework/system/Database/MySQLi/Connection.php(331): mysqli->query('UPDATE `product...')
#1 /Users/patriot/Documents/Codeigniter/final project/kelontong/vendor/codeigniter4/framework/system/Database/BaseConnection.php(741): CodeIgniter\Database\MySQLi\Connection->execute('UPDATE `product...')
#2 /Users/patriot/Documents/Codeigniter/final project/kelontong/vendor/codeigniter4/framework/system/Database/BaseConnection.php(669): CodeIgniter\Database\BaseConnection->simpleQuery('UPDATE `product...')
#3 /Users/patriot/Documents/Codeigniter/final project/kelontong/vendor/codeigniter4/framework/system/Database/BaseBuilder.php(2456): CodeIgniter\Database\BaseConnection->query('UPDATE `product...', Array, false)
#4 /Users/patriot/Documents/Codeigniter/final project/kelontong/app/Models/Products_model.php(43): CodeIgniter\Database\BaseBuilder->update(Array)
#5 /Users/patriot/Documents/Codeigniter/final project/kelontong/app/Controllers/Admin/Products.php(104): App\Models\Products_model->updateProdut(Array, Array)
#6 /Users/patriot/Documents/Codeigniter/final project/kelontong/vendor/codeigniter4/framework/system/CodeIgniter.php(918): App\Controllers\Admin\Products->update(Array)
#7 /Users/patriot/Documents/Codeigniter/final project/kelontong/vendor/codeigniter4/framework/system/CodeIgniter.php(404): CodeIgniter\CodeIgniter->runController(Object(App\Controllers\Admin\Products))
#8 /Users/patriot/Documents/Codeigniter/final project/kelontong/vendor/codeigniter4/framework/system/CodeIgniter.php(312): CodeIgniter\CodeIgniter->handleRequest(NULL, Object(Config\Cache), false)
#9 /Users/patriot/Documents/Codeigniter/final project/kelontong/public/index.php(45): CodeIgniter\CodeIgniter->run()
#10 /Users/patriot/Documents/Codeigniter/final project/kelontong/vendor/codeigniter4/framework/system/Commands/Server/rewrite.php(34): require_once('/Users/patriot/...')
#11 {main}
CRITICAL - 2020-12-01 05:28:35 --> Operand should contain 1 column(s)
#0 /Users/patriot/Documents/Codeigniter/final project/kelontong/vendor/codeigniter4/framework/system/Database/MySQLi/Connection.php(331): mysqli->query('UPDATE `product...')
#1 /Users/patriot/Documents/Codeigniter/final project/kelontong/vendor/codeigniter4/framework/system/Database/BaseConnection.php(741): CodeIgniter\Database\MySQLi\Connection->execute('UPDATE `product...')
#2 /Users/patriot/Documents/Codeigniter/final project/kelontong/vendor/codeigniter4/framework/system/Database/BaseConnection.php(669): CodeIgniter\Database\BaseConnection->simpleQuery('UPDATE `product...')
#3 /Users/patriot/Documents/Codeigniter/final project/kelontong/vendor/codeigniter4/framework/system/Database/BaseBuilder.php(2456): CodeIgniter\Database\BaseConnection->query('UPDATE `product...', Array, false)
#4 /Users/patriot/Documents/Codeigniter/final project/kelontong/app/Models/Products_model.php(43): CodeIgniter\Database\BaseBuilder->update(Array)
#5 /Users/patriot/Documents/Codeigniter/final project/kelontong/app/Controllers/Admin/Products.php(104): App\Models\Products_model->updateProdut(Array, Array)
#6 /Users/patriot/Documents/Codeigniter/final project/kelontong/vendor/codeigniter4/framework/system/CodeIgniter.php(918): App\Controllers\Admin\Products->update(Array)
#7 /Users/patriot/Documents/Codeigniter/final project/kelontong/vendor/codeigniter4/framework/system/CodeIgniter.php(404): CodeIgniter\CodeIgniter->runController(Object(App\Controllers\Admin\Products))
#8 /Users/patriot/Documents/Codeigniter/final project/kelontong/vendor/codeigniter4/framework/system/CodeIgniter.php(312): CodeIgniter\CodeIgniter->handleRequest(NULL, Object(Config\Cache), false)
#9 /Users/patriot/Documents/Codeigniter/final project/kelontong/public/index.php(45): CodeIgniter\CodeIgniter->run()
#10 /Users/patriot/Documents/Codeigniter/final project/kelontong/vendor/codeigniter4/framework/system/Commands/Server/rewrite.php(34): require_once('/Users/patriot/...')
#11 {main}
CRITICAL - 2020-12-01 06:38:11 --> Operand should contain 1 column(s)
#0 /Users/patriot/Documents/Codeigniter/final project/kelontong/vendor/codeigniter4/framework/system/Database/MySQLi/Connection.php(331): mysqli->query('UPDATE `product...')
#1 /Users/patriot/Documents/Codeigniter/final project/kelontong/vendor/codeigniter4/framework/system/Database/BaseConnection.php(741): CodeIgniter\Database\MySQLi\Connection->execute('UPDATE `product...')
#2 /Users/patriot/Documents/Codeigniter/final project/kelontong/vendor/codeigniter4/framework/system/Database/BaseConnection.php(669): CodeIgniter\Database\BaseConnection->simpleQuery('UPDATE `product...')
#3 /Users/patriot/Documents/Codeigniter/final project/kelontong/vendor/codeigniter4/framework/system/Database/BaseBuilder.php(2456): CodeIgniter\Database\BaseConnection->query('UPDATE `product...', Array, false)
#4 /Users/patriot/Documents/Codeigniter/final project/kelontong/app/Models/Products_model.php(40): CodeIgniter\Database\BaseBuilder->update(Array, Array)
#5 /Users/patriot/Documents/Codeigniter/final project/kelontong/app/Controllers/Admin/Products.php(104): App\Models\Products_model->updateProdut(Array, Array)
#6 /Users/patriot/Documents/Codeigniter/final project/kelontong/vendor/codeigniter4/framework/system/CodeIgniter.php(918): App\Controllers\Admin\Products->update(Array)
#7 /Users/patriot/Documents/Codeigniter/final project/kelontong/vendor/codeigniter4/framework/system/CodeIgniter.php(404): CodeIgniter\CodeIgniter->runController(Object(App\Controllers\Admin\Products))
#8 /Users/patriot/Documents/Codeigniter/final project/kelontong/vendor/codeigniter4/framework/system/CodeIgniter.php(312): CodeIgniter\CodeIgniter->handleRequest(NULL, Object(Config\Cache), false)
#9 /Users/patriot/Documents/Codeigniter/final project/kelontong/public/index.php(45): CodeIgniter\CodeIgniter->run()
#10 /Users/patriot/Documents/Codeigniter/final project/kelontong/vendor/codeigniter4/framework/system/Commands/Server/rewrite.php(34): require_once('/Users/patriot/...')
#11 {main}
CRITICAL - 2020-12-01 06:38:18 --> Operand should contain 1 column(s)
#0 /Users/patriot/Documents/Codeigniter/final project/kelontong/vendor/codeigniter4/framework/system/Database/MySQLi/Connection.php(331): mysqli->query('UPDATE `product...')
#1 /Users/patriot/Documents/Codeigniter/final project/kelontong/vendor/codeigniter4/framework/system/Database/BaseConnection.php(741): CodeIgniter\Database\MySQLi\Connection->execute('UPDATE `product...')
#2 /Users/patriot/Documents/Codeigniter/final project/kelontong/vendor/codeigniter4/framework/system/Database/BaseConnection.php(669): CodeIgniter\Database\BaseConnection->simpleQuery('UPDATE `product...')
#3 /Users/patriot/Documents/Codeigniter/final project/kelontong/vendor/codeigniter4/framework/system/Database/BaseBuilder.php(2456): CodeIgniter\Database\BaseConnection->query('UPDATE `product...', Array, false)
#4 /Users/patriot/Documents/Codeigniter/final project/kelontong/app/Models/Products_model.php(40): CodeIgniter\Database\BaseBuilder->update(Array, Array)
#5 /Users/patriot/Documents/Codeigniter/final project/kelontong/app/Controllers/Admin/Products.php(104): App\Models\Products_model->updateProdut(Array, Array)
#6 /Users/patriot/Documents/Codeigniter/final project/kelontong/vendor/codeigniter4/framework/system/CodeIgniter.php(918): App\Controllers\Admin\Products->update(Array)
#7 /Users/patriot/Documents/Codeigniter/final project/kelontong/vendor/codeigniter4/framework/system/CodeIgniter.php(404): CodeIgniter\CodeIgniter->runController(Object(App\Controllers\Admin\Products))
#8 /Users/patriot/Documents/Codeigniter/final project/kelontong/vendor/codeigniter4/framework/system/CodeIgniter.php(312): CodeIgniter\CodeIgniter->handleRequest(NULL, Object(Config\Cache), false)
#9 /Users/patriot/Documents/Codeigniter/final project/kelontong/public/index.php(45): CodeIgniter\CodeIgniter->run()
#10 /Users/patriot/Documents/Codeigniter/final project/kelontong/vendor/codeigniter4/framework/system/Commands/Server/rewrite.php(34): require_once('/Users/patriot/...')
#11 {main}
CRITICAL - 2020-12-01 06:38:28 --> Operand should contain 1 column(s)
#0 /Users/patriot/Documents/Codeigniter/final project/kelontong/vendor/codeigniter4/framework/system/Database/MySQLi/Connection.php(331): mysqli->query('UPDATE `product...')
#1 /Users/patriot/Documents/Codeigniter/final project/kelontong/vendor/codeigniter4/framework/system/Database/BaseConnection.php(741): CodeIgniter\Database\MySQLi\Connection->execute('UPDATE `product...')
#2 /Users/patriot/Documents/Codeigniter/final project/kelontong/vendor/codeigniter4/framework/system/Database/BaseConnection.php(669): CodeIgniter\Database\BaseConnection->simpleQuery('UPDATE `product...')
#3 /Users/patriot/Documents/Codeigniter/final project/kelontong/vendor/codeigniter4/framework/system/Database/BaseBuilder.php(2456): CodeIgniter\Database\BaseConnection->query('UPDATE `product...', Array, false)
#4 /Users/patriot/Documents/Codeigniter/final project/kelontong/app/Models/Products_model.php(40): CodeIgniter\Database\BaseBuilder->update(Array, Array)
#5 /Users/patriot/Documents/Codeigniter/final project/kelontong/app/Controllers/Admin/Products.php(104): App\Models\Products_model->updateProdut(Array, Array)
#6 /Users/patriot/Documents/Codeigniter/final project/kelontong/vendor/codeigniter4/framework/system/CodeIgniter.php(918): App\Controllers\Admin\Products->update(Array)
#7 /Users/patriot/Documents/Codeigniter/final project/kelontong/vendor/codeigniter4/framework/system/CodeIgniter.php(404): CodeIgniter\CodeIgniter->runController(Object(App\Controllers\Admin\Products))
#8 /Users/patriot/Documents/Codeigniter/final project/kelontong/vendor/codeigniter4/framework/system/CodeIgniter.php(312): CodeIgniter\CodeIgniter->handleRequest(NULL, Object(Config\Cache), false)
#9 /Users/patriot/Documents/Codeigniter/final project/kelontong/public/index.php(45): CodeIgniter\CodeIgniter->run()
#10 /Users/patriot/Documents/Codeigniter/final project/kelontong/vendor/codeigniter4/framework/system/Commands/Server/rewrite.php(34): require_once('/Users/patriot/...')
#11 {main}
CRITICAL - 2020-12-01 06:39:29 --> Operand should contain 1 column(s)
#0 /Users/patriot/Documents/Codeigniter/final project/kelontong/vendor/codeigniter4/framework/system/Database/MySQLi/Connection.php(331): mysqli->query('UPDATE `product...')
#1 /Users/patriot/Documents/Codeigniter/final project/kelontong/vendor/codeigniter4/framework/system/Database/BaseConnection.php(741): CodeIgniter\Database\MySQLi\Connection->execute('UPDATE `product...')
#2 /Users/patriot/Documents/Codeigniter/final project/kelontong/vendor/codeigniter4/framework/system/Database/BaseConnection.php(669): CodeIgniter\Database\BaseConnection->simpleQuery('UPDATE `product...')
#3 /Users/patriot/Documents/Codeigniter/final project/kelontong/vendor/codeigniter4/framework/system/Database/BaseBuilder.php(2456): CodeIgniter\Database\BaseConnection->query('UPDATE `product...', Array, false)
#4 /Users/patriot/Documents/Codeigniter/final project/kelontong/app/Models/Products_model.php(40): CodeIgniter\Database\BaseBuilder->update(Array, Array)
#5 /Users/patriot/Documents/Codeigniter/final project/kelontong/app/Controllers/Admin/Products.php(104): App\Models\Products_model->updateProdut(Array, Array)
#6 /Users/patriot/Documents/Codeigniter/final project/kelontong/vendor/codeigniter4/framework/system/CodeIgniter.php(918): App\Controllers\Admin\Products->update(Array)
#7 /Users/patriot/Documents/Codeigniter/final project/kelontong/vendor/codeigniter4/framework/system/CodeIgniter.php(404): CodeIgniter\CodeIgniter->runController(Object(App\Controllers\Admin\Products))
#8 /Users/patriot/Documents/Codeigniter/final project/kelontong/vendor/codeigniter4/framework/system/CodeIgniter.php(312): CodeIgniter\CodeIgniter->handleRequest(NULL, Object(Config\Cache), false)
#9 /Users/patriot/Documents/Codeigniter/final project/kelontong/public/index.php(45): CodeIgniter\CodeIgniter->run()
#10 /Users/patriot/Documents/Codeigniter/final project/kelontong/vendor/codeigniter4/framework/system/Commands/Server/rewrite.php(34): require_once('/Users/patriot/...')
#11 {main}
CRITICAL - 2020-12-01 06:39:32 --> Operand should contain 1 column(s)
#0 /Users/patriot/Documents/Codeigniter/final project/kelontong/vendor/codeigniter4/framework/system/Database/MySQLi/Connection.php(331): mysqli->query('UPDATE `product...')
#1 /Users/patriot/Documents/Codeigniter/final project/kelontong/vendor/codeigniter4/framework/system/Database/BaseConnection.php(741): CodeIgniter\Database\MySQLi\Connection->execute('UPDATE `product...')
#2 /Users/patriot/Documents/Codeigniter/final project/kelontong/vendor/codeigniter4/framework/system/Database/BaseConnection.php(669): CodeIgniter\Database\BaseConnection->simpleQuery('UPDATE `product...')
#3 /Users/patriot/Documents/Codeigniter/final project/kelontong/vendor/codeigniter4/framework/system/Database/BaseBuilder.php(2456): CodeIgniter\Database\BaseConnection->query('UPDATE `product...', Array, false)
#4 /Users/patriot/Documents/Codeigniter/final project/kelontong/app/Models/Products_model.php(40): CodeIgniter\Database\BaseBuilder->update(Array, Array)
#5 /Users/patriot/Documents/Codeigniter/final project/kelontong/app/Controllers/Admin/Products.php(104): App\Models\Products_model->updateProdut(Array, Array)
#6 /Users/patriot/Documents/Codeigniter/final project/kelontong/vendor/codeigniter4/framework/system/CodeIgniter.php(918): App\Controllers\Admin\Products->update(Array)
#7 /Users/patriot/Documents/Codeigniter/final project/kelontong/vendor/codeigniter4/framework/system/CodeIgniter.php(404): CodeIgniter\CodeIgniter->runController(Object(App\Controllers\Admin\Products))
#8 /Users/patriot/Documents/Codeigniter/final project/kelontong/vendor/codeigniter4/framework/system/CodeIgniter.php(312): CodeIgniter\CodeIgniter->handleRequest(NULL, Object(Config\Cache), false)
#9 /Users/patriot/Documents/Codeigniter/final project/kelontong/public/index.php(45): CodeIgniter\CodeIgniter->run()
#10 /Users/patriot/Documents/Codeigniter/final project/kelontong/vendor/codeigniter4/framework/system/Commands/Server/rewrite.php(34): require_once('/Users/patriot/...')
#11 {main}
CRITICAL - 2020-12-01 06:39:44 --> Operand should contain 1 column(s)
#0 /Users/patriot/Documents/Codeigniter/final project/kelontong/vendor/codeigniter4/framework/system/Database/MySQLi/Connection.php(331): mysqli->query('UPDATE `product...')
#1 /Users/patriot/Documents/Codeigniter/final project/kelontong/vendor/codeigniter4/framework/system/Database/BaseConnection.php(741): CodeIgniter\Database\MySQLi\Connection->execute('UPDATE `product...')
#2 /Users/patriot/Documents/Codeigniter/final project/kelontong/vendor/codeigniter4/framework/system/Database/BaseConnection.php(669): CodeIgniter\Database\BaseConnection->simpleQuery('UPDATE `product...')
#3 /Users/patriot/Documents/Codeigniter/final project/kelontong/vendor/codeigniter4/framework/system/Database/BaseBuilder.php(2456): CodeIgniter\Database\BaseConnection->query('UPDATE `product...', Array, false)
#4 /Users/patriot/Documents/Codeigniter/final project/kelontong/app/Models/Products_model.php(40): CodeIgniter\Database\BaseBuilder->update(Array, Array)
#5 /Users/patriot/Documents/Codeigniter/final project/kelontong/app/Controllers/Admin/Products.php(104): App\Models\Products_model->updateProdut(Array, Array)
#6 /Users/patriot/Documents/Codeigniter/final project/kelontong/vendor/codeigniter4/framework/system/CodeIgniter.php(918): App\Controllers\Admin\Products->update(Array)
#7 /Users/patriot/Documents/Codeigniter/final project/kelontong/vendor/codeigniter4/framework/system/CodeIgniter.php(404): CodeIgniter\CodeIgniter->runController(Object(App\Controllers\Admin\Products))
#8 /Users/patriot/Documents/Codeigniter/final project/kelontong/vendor/codeigniter4/framework/system/CodeIgniter.php(312): CodeIgniter\CodeIgniter->handleRequest(NULL, Object(Config\Cache), false)
#9 /Users/patriot/Documents/Codeigniter/final project/kelontong/public/index.php(45): CodeIgniter\CodeIgniter->run()
#10 /Users/patriot/Documents/Codeigniter/final project/kelontong/vendor/codeigniter4/framework/system/Commands/Server/rewrite.php(34): require_once('/Users/patriot/...')
#11 {main}
CRITICAL - 2020-12-01 06:39:55 --> Operand should contain 1 column(s)
#0 /Users/patriot/Documents/Codeigniter/final project/kelontong/vendor/codeigniter4/framework/system/Database/MySQLi/Connection.php(331): mysqli->query('UPDATE `product...')
#1 /Users/patriot/Documents/Codeigniter/final project/kelontong/vendor/codeigniter4/framework/system/Database/BaseConnection.php(741): CodeIgniter\Database\MySQLi\Connection->execute('UPDATE `product...')
#2 /Users/patriot/Documents/Codeigniter/final project/kelontong/vendor/codeigniter4/framework/system/Database/BaseConnection.php(669): CodeIgniter\Database\BaseConnection->simpleQuery('UPDATE `product...')
#3 /Users/patriot/Documents/Codeigniter/final project/kelontong/vendor/codeigniter4/framework/system/Database/BaseBuilder.php(2456): CodeIgniter\Database\BaseConnection->query('UPDATE `product...', Array, false)
#4 /Users/patriot/Documents/Codeigniter/final project/kelontong/app/Models/Products_model.php(40): CodeIgniter\Database\BaseBuilder->update(Array, Array)
#5 /Users/patriot/Documents/Codeigniter/final project/kelontong/app/Controllers/Admin/Products.php(104): App\Models\Products_model->updateProdut(Array, Array)
#6 /Users/patriot/Documents/Codeigniter/final project/kelontong/vendor/codeigniter4/framework/system/CodeIgniter.php(918): App\Controllers\Admin\Products->update(Array)
#7 /Users/patriot/Documents/Codeigniter/final project/kelontong/vendor/codeigniter4/framework/system/CodeIgniter.php(404): CodeIgniter\CodeIgniter->runController(Object(App\Controllers\Admin\Products))
#8 /Users/patriot/Documents/Codeigniter/final project/kelontong/vendor/codeigniter4/framework/system/CodeIgniter.php(312): CodeIgniter\CodeIgniter->handleRequest(NULL, Object(Config\Cache), false)
#9 /Users/patriot/Documents/Codeigniter/final project/kelontong/public/index.php(45): CodeIgniter\CodeIgniter->run()
#10 /Users/patriot/Documents/Codeigniter/final project/kelontong/vendor/codeigniter4/framework/system/Commands/Server/rewrite.php(34): require_once('/Users/patriot/...')
#11 {main}
CRITICAL - 2020-12-01 06:45:27 --> Operand should contain 1 column(s)
#0 /Users/patriot/Documents/Codeigniter/final project/kelontong/vendor/codeigniter4/framework/system/Database/MySQLi/Connection.php(331): mysqli->query('UPDATE `product...')
#1 /Users/patriot/Documents/Codeigniter/final project/kelontong/vendor/codeigniter4/framework/system/Database/BaseConnection.php(741): CodeIgniter\Database\MySQLi\Connection->execute('UPDATE `product...')
#2 /Users/patriot/Documents/Codeigniter/final project/kelontong/vendor/codeigniter4/framework/system/Database/BaseConnection.php(669): CodeIgniter\Database\BaseConnection->simpleQuery('UPDATE `product...')
#3 /Users/patriot/Documents/Codeigniter/final project/kelontong/vendor/codeigniter4/framework/system/Database/BaseBuilder.php(2456): CodeIgniter\Database\BaseConnection->query('UPDATE `product...', Array, false)
#4 /Users/patriot/Documents/Codeigniter/final project/kelontong/app/Models/Products_model.php(40): CodeIgniter\Database\BaseBuilder->update(Array, Array)
#5 /Users/patriot/Documents/Codeigniter/final project/kelontong/app/Controllers/Admin/Products.php(104): App\Models\Products_model->updateProduct(Array, Array)
#6 /Users/patriot/Documents/Codeigniter/final project/kelontong/vendor/codeigniter4/framework/system/CodeIgniter.php(918): App\Controllers\Admin\Products->update(Array)
#7 /Users/patriot/Documents/Codeigniter/final project/kelontong/vendor/codeigniter4/framework/system/CodeIgniter.php(404): CodeIgniter\CodeIgniter->runController(Object(App\Controllers\Admin\Products))
#8 /Users/patriot/Documents/Codeigniter/final project/kelontong/vendor/codeigniter4/framework/system/CodeIgniter.php(312): CodeIgniter\CodeIgniter->handleRequest(NULL, Object(Config\Cache), false)
#9 /Users/patriot/Documents/Codeigniter/final project/kelontong/public/index.php(45): CodeIgniter\CodeIgniter->run()
#10 /Users/patriot/Documents/Codeigniter/final project/kelontong/vendor/codeigniter4/framework/system/Commands/Server/rewrite.php(34): require_once('/Users/patriot/...')
#11 {main}
CRITICAL - 2020-12-01 06:45:38 --> Operand should contain 1 column(s)
#0 /Users/patriot/Documents/Codeigniter/final project/kelontong/vendor/codeigniter4/framework/system/Database/MySQLi/Connection.php(331): mysqli->query('UPDATE `product...')
#1 /Users/patriot/Documents/Codeigniter/final project/kelontong/vendor/codeigniter4/framework/system/Database/BaseConnection.php(741): CodeIgniter\Database\MySQLi\Connection->execute('UPDATE `product...')
#2 /Users/patriot/Documents/Codeigniter/final project/kelontong/vendor/codeigniter4/framework/system/Database/BaseConnection.php(669): CodeIgniter\Database\BaseConnection->simpleQuery('UPDATE `product...')
#3 /Users/patriot/Documents/Codeigniter/final project/kelontong/vendor/codeigniter4/framework/system/Database/BaseBuilder.php(2456): CodeIgniter\Database\BaseConnection->query('UPDATE `product...', Array, false)
#4 /Users/patriot/Documents/Codeigniter/final project/kelontong/app/Models/Products_model.php(40): CodeIgniter\Database\BaseBuilder->update(Array, Array)
#5 /Users/patriot/Documents/Codeigniter/final project/kelontong/app/Controllers/Admin/Products.php(104): App\Models\Products_model->updateProduct(Array, Array)
#6 /Users/patriot/Documents/Codeigniter/final project/kelontong/vendor/codeigniter4/framework/system/CodeIgniter.php(918): App\Controllers\Admin\Products->update(Array)
#7 /Users/patriot/Documents/Codeigniter/final project/kelontong/vendor/codeigniter4/framework/system/CodeIgniter.php(404): CodeIgniter\CodeIgniter->runController(Object(App\Controllers\Admin\Products))
#8 /Users/patriot/Documents/Codeigniter/final project/kelontong/vendor/codeigniter4/framework/system/CodeIgniter.php(312): CodeIgniter\CodeIgniter->handleRequest(NULL, Object(Config\Cache), false)
#9 /Users/patriot/Documents/Codeigniter/final project/kelontong/public/index.php(45): CodeIgniter\CodeIgniter->run()
#10 /Users/patriot/Documents/Codeigniter/final project/kelontong/vendor/codeigniter4/framework/system/Commands/Server/rewrite.php(34): require_once('/Users/patriot/...')
#11 {main}
CRITICAL - 2020-12-01 06:47:48 --> Operand should contain 1 column(s)
#0 /Users/patriot/Documents/Codeigniter/final project/kelontong/vendor/codeigniter4/framework/system/Database/MySQLi/Connection.php(331): mysqli->query('UPDATE `product...')
#1 /Users/patriot/Documents/Codeigniter/final project/kelontong/vendor/codeigniter4/framework/system/Database/BaseConnection.php(741): CodeIgniter\Database\MySQLi\Connection->execute('UPDATE `product...')
#2 /Users/patriot/Documents/Codeigniter/final project/kelontong/vendor/codeigniter4/framework/system/Database/BaseConnection.php(669): CodeIgniter\Database\BaseConnection->simpleQuery('UPDATE `product...')
#3 /Users/patriot/Documents/Codeigniter/final project/kelontong/vendor/codeigniter4/framework/system/Database/BaseBuilder.php(2456): CodeIgniter\Database\BaseConnection->query('UPDATE `product...', Array, false)
#4 /Users/patriot/Documents/Codeigniter/final project/kelontong/app/Models/Products_model.php(40): CodeIgniter\Database\BaseBuilder->update(Array, Array)
#5 /Users/patriot/Documents/Codeigniter/final project/kelontong/app/Controllers/Admin/Products.php(104): App\Models\Products_model->updateProduct(Array, Array)
#6 /Users/patriot/Documents/Codeigniter/final project/kelontong/vendor/codeigniter4/framework/system/CodeIgniter.php(918): App\Controllers\Admin\Products->update(Array)
#7 /Users/patriot/Documents/Codeigniter/final project/kelontong/vendor/codeigniter4/framework/system/CodeIgniter.php(404): CodeIgniter\CodeIgniter->runController(Object(App\Controllers\Admin\Products))
#8 /Users/patriot/Documents/Codeigniter/final project/kelontong/vendor/codeigniter4/framework/system/CodeIgniter.php(312): CodeIgniter\CodeIgniter->handleRequest(NULL, Object(Config\Cache), false)
#9 /Users/patriot/Documents/Codeigniter/final project/kelontong/public/index.php(45): CodeIgniter\CodeIgniter->run()
#10 /Users/patriot/Documents/Codeigniter/final project/kelontong/vendor/codeigniter4/framework/system/Commands/Server/rewrite.php(34): require_once('/Users/patriot/...')
#11 {main}
CRITICAL - 2020-12-01 06:50:18 --> Operand should contain 1 column(s)
#0 /Users/patriot/Documents/Codeigniter/final project/kelontong/vendor/codeigniter4/framework/system/Database/MySQLi/Connection.php(331): mysqli->query('UPDATE `product...')
#1 /Users/patriot/Documents/Codeigniter/final project/kelontong/vendor/codeigniter4/framework/system/Database/BaseConnection.php(741): CodeIgniter\Database\MySQLi\Connection->execute('UPDATE `product...')
#2 /Users/patriot/Documents/Codeigniter/final project/kelontong/vendor/codeigniter4/framework/system/Database/BaseConnection.php(669): CodeIgniter\Database\BaseConnection->simpleQuery('UPDATE `product...')
#3 /Users/patriot/Documents/Codeigniter/final project/kelontong/vendor/codeigniter4/framework/system/Database/BaseBuilder.php(2456): CodeIgniter\Database\BaseConnection->query('UPDATE `product...', Array, false)
#4 /Users/patriot/Documents/Codeigniter/final project/kelontong/app/Models/Products_model.php(40): CodeIgniter\Database\BaseBuilder->update(Array, Array)
#5 /Users/patriot/Documents/Codeigniter/final project/kelontong/app/Controllers/Admin/Products.php(104): App\Models\Products_model->updateProduct(Array, Array)
#6 /Users/patriot/Documents/Codeigniter/final project/kelontong/vendor/codeigniter4/framework/system/CodeIgniter.php(918): App\Controllers\Admin\Products->update(Array)
#7 /Users/patriot/Documents/Codeigniter/final project/kelontong/vendor/codeigniter4/framework/system/CodeIgniter.php(404): CodeIgniter\CodeIgniter->runController(Object(App\Controllers\Admin\Products))
#8 /Users/patriot/Documents/Codeigniter/final project/kelontong/vendor/codeigniter4/framework/system/CodeIgniter.php(312): CodeIgniter\CodeIgniter->handleRequest(NULL, Object(Config\Cache), false)
#9 /Users/patriot/Documents/Codeigniter/final project/kelontong/public/index.php(45): CodeIgniter\CodeIgniter->run()
#10 /Users/patriot/Documents/Codeigniter/final project/kelontong/vendor/codeigniter4/framework/system/Commands/Server/rewrite.php(34): require_once('/Users/patriot/...')
#11 {main}
CRITICAL - 2020-12-01 06:51:37 --> Operand should contain 1 column(s)
#0 /Users/patriot/Documents/Codeigniter/final project/kelontong/vendor/codeigniter4/framework/system/Database/MySQLi/Connection.php(331): mysqli->query('UPDATE `product...')
#1 /Users/patriot/Documents/Codeigniter/final project/kelontong/vendor/codeigniter4/framework/system/Database/BaseConnection.php(741): CodeIgniter\Database\MySQLi\Connection->execute('UPDATE `product...')
#2 /Users/patriot/Documents/Codeigniter/final project/kelontong/vendor/codeigniter4/framework/system/Database/BaseConnection.php(669): CodeIgniter\Database\BaseConnection->simpleQuery('UPDATE `product...')
#3 /Users/patriot/Documents/Codeigniter/final project/kelontong/vendor/codeigniter4/framework/system/Database/BaseBuilder.php(2456): CodeIgniter\Database\BaseConnection->query('UPDATE `product...', Array, false)
#4 /Users/patriot/Documents/Codeigniter/final project/kelontong/app/Models/Products_model.php(40): CodeIgniter\Database\BaseBuilder->update(Array, Array)
#5 /Users/patriot/Documents/Codeigniter/final project/kelontong/app/Controllers/Admin/Products.php(104): App\Models\Products_model->updateProduct(Array, Array)
#6 /Users/patriot/Documents/Codeigniter/final project/kelontong/vendor/codeigniter4/framework/system/CodeIgniter.php(918): App\Controllers\Admin\Products->update(Array)
#7 /Users/patriot/Documents/Codeigniter/final project/kelontong/vendor/codeigniter4/framework/system/CodeIgniter.php(404): CodeIgniter\CodeIgniter->runController(Object(App\Controllers\Admin\Products))
#8 /Users/patriot/Documents/Codeigniter/final project/kelontong/vendor/codeigniter4/framework/system/CodeIgniter.php(312): CodeIgniter\CodeIgniter->handleRequest(NULL, Object(Config\Cache), false)
#9 /Users/patriot/Documents/Codeigniter/final project/kelontong/public/index.php(45): CodeIgniter\CodeIgniter->run()
#10 /Users/patriot/Documents/Codeigniter/final project/kelontong/vendor/codeigniter4/framework/system/Commands/Server/rewrite.php(34): require_once('/Users/patriot/...')
#11 {main}
CRITICAL - 2020-12-01 06:56:25 --> Operand should contain 1 column(s)
#0 /Users/patriot/Documents/Codeigniter/final project/kelontong/vendor/codeigniter4/framework/system/Database/MySQLi/Connection.php(331): mysqli->query('UPDATE `product...')
#1 /Users/patriot/Documents/Codeigniter/final project/kelontong/vendor/codeigniter4/framework/system/Database/BaseConnection.php(741): CodeIgniter\Database\MySQLi\Connection->execute('UPDATE `product...')
#2 /Users/patriot/Documents/Codeigniter/final project/kelontong/vendor/codeigniter4/framework/system/Database/BaseConnection.php(669): CodeIgniter\Database\BaseConnection->simpleQuery('UPDATE `product...')
#3 /Users/patriot/Documents/Codeigniter/final project/kelontong/vendor/codeigniter4/framework/system/Database/BaseBuilder.php(2456): CodeIgniter\Database\BaseConnection->query('UPDATE `product...', Array, false)
#4 /Users/patriot/Documents/Codeigniter/final project/kelontong/app/Models/Products_model.php(40): CodeIgniter\Database\BaseBuilder->update(Array, Array)
#5 /Users/patriot/Documents/Codeigniter/final project/kelontong/app/Controllers/Admin/Products.php(104): App\Models\Products_model->updateProduct(Array, Array)
#6 /Users/patriot/Documents/Codeigniter/final project/kelontong/vendor/codeigniter4/framework/system/CodeIgniter.php(918): App\Controllers\Admin\Products->update(Array)
#7 /Users/patriot/Documents/Codeigniter/final project/kelontong/vendor/codeigniter4/framework/system/CodeIgniter.php(404): CodeIgniter\CodeIgniter->runController(Object(App\Controllers\Admin\Products))
#8 /Users/patriot/Documents/Codeigniter/final project/kelontong/vendor/codeigniter4/framework/system/CodeIgniter.php(312): CodeIgniter\CodeIgniter->handleRequest(NULL, Object(Config\Cache), false)
#9 /Users/patriot/Documents/Codeigniter/final project/kelontong/public/index.php(45): CodeIgniter\CodeIgniter->run()
#10 /Users/patriot/Documents/Codeigniter/final project/kelontong/vendor/codeigniter4/framework/system/Commands/Server/rewrite.php(34): require_once('/Users/patriot/...')
#11 {main}
CRITICAL - 2020-12-01 07:13:44 --> Operand should contain 1 column(s)
#0 /Users/patriot/Documents/Codeigniter/final project/kelontong/vendor/codeigniter4/framework/system/Database/MySQLi/Connection.php(331): mysqli->query('UPDATE `product...')
#1 /Users/patriot/Documents/Codeigniter/final project/kelontong/vendor/codeigniter4/framework/system/Database/BaseConnection.php(741): CodeIgniter\Database\MySQLi\Connection->execute('UPDATE `product...')
#2 /Users/patriot/Documents/Codeigniter/final project/kelontong/vendor/codeigniter4/framework/system/Database/BaseConnection.php(669): CodeIgniter\Database\BaseConnection->simpleQuery('UPDATE `product...')
#3 /Users/patriot/Documents/Codeigniter/final project/kelontong/vendor/codeigniter4/framework/system/Database/BaseBuilder.php(2456): CodeIgniter\Database\BaseConnection->query('UPDATE `product...', Array, false)
#4 /Users/patriot/Documents/Codeigniter/final project/kelontong/app/Models/Products_model.php(40): CodeIgniter\Database\BaseBuilder->update(Array, Array)
#5 /Users/patriot/Documents/Codeigniter/final project/kelontong/app/Controllers/Admin/Products.php(104): App\Models\Products_model->updateProduct(Array, Array)
#6 /Users/patriot/Documents/Codeigniter/final project/kelontong/vendor/codeigniter4/framework/system/CodeIgniter.php(918): App\Controllers\Admin\Products->update(Array)
#7 /Users/patriot/Documents/Codeigniter/final project/kelontong/vendor/codeigniter4/framework/system/CodeIgniter.php(404): CodeIgniter\CodeIgniter->runController(Object(App\Controllers\Admin\Products))
#8 /Users/patriot/Documents/Codeigniter/final project/kelontong/vendor/codeigniter4/framework/system/CodeIgniter.php(312): CodeIgniter\CodeIgniter->handleRequest(NULL, Object(Config\Cache), false)
#9 /Users/patriot/Documents/Codeigniter/final project/kelontong/public/index.php(45): CodeIgniter\CodeIgniter->run()
#10 /Users/patriot/Documents/Codeigniter/final project/kelontong/vendor/codeigniter4/framework/system/Commands/Server/rewrite.php(34): require_once('/Users/patriot/...')
#11 {main}
CRITICAL - 2020-12-01 09:06:07 --> Request URI segment is out of range: 1
#0 /Users/patriot/Documents/Codeigniter/final project/kelontong/vendor/codeigniter4/framework/system/HTTP/URI.php(515): CodeIgniter\HTTP\Exceptions\HTTPException::forURISegmentOutOfRange(1)
#1 /Users/patriot/Documents/Codeigniter/final project/kelontong/app/Views/themes/head.php(8): CodeIgniter\HTTP\URI->getSegment(1)
#2 /Users/patriot/Documents/Codeigniter/final project/kelontong/vendor/codeigniter4/framework/system/View/View.php(246): include('/Users/patriot/...')
#3 /Users/patriot/Documents/Codeigniter/final project/kelontong/vendor/codeigniter4/framework/system/Common.php(1119): CodeIgniter\View\View->render('themes/head', Array, true)
#4 /Users/patriot/Documents/Codeigniter/final project/kelontong/app/Views/themes/content.php(1): view('themes/head')
#5 /Users/patriot/Documents/Codeigniter/final project/kelontong/vendor/codeigniter4/framework/system/View/View.php(246): include('/Users/patriot/...')
#6 /Users/patriot/Documents/Codeigniter/final project/kelontong/vendor/codeigniter4/framework/system/View/View.php(257): CodeIgniter\View\View->render('themes/content', Array, true)
#7 /Users/patriot/Documents/Codeigniter/final project/kelontong/vendor/codeigniter4/framework/system/Common.php(1119): CodeIgniter\View\View->render('welcome_message', Array, true)
#8 /Users/patriot/Documents/Codeigniter/final project/kelontong/app/Controllers/Home.php(7): view('welcome_message')
#9 /Users/patriot/Documents/Codeigniter/final project/kelontong/vendor/codeigniter4/framework/system/CodeIgniter.php(918): App\Controllers\Home->index()
#10 /Users/patriot/Documents/Codeigniter/final project/kelontong/vendor/codeigniter4/framework/system/CodeIgniter.php(404): CodeIgniter\CodeIgniter->runController(Object(App\Controllers\Home))
#11 /Users/patriot/Documents/Codeigniter/final project/kelontong/vendor/codeigniter4/framework/system/CodeIgniter.php(312): CodeIgniter\CodeIgniter->handleRequest(NULL, Object(Config\Cache), false)
#12 /Users/patriot/Documents/Codeigniter/final project/kelontong/public/index.php(45): CodeIgniter\CodeIgniter->run()
#13 /Users/patriot/Documents/Codeigniter/final project/kelontong/vendor/codeigniter4/framework/system/Commands/Server/rewrite.php(34): require_once('/Users/patriot/...')
#14 {main}
CRITICAL - 2020-12-01 09:06:13 --> Request URI segment is out of range: 1
#0 /Users/patriot/Documents/Codeigniter/final project/kelontong/vendor/codeigniter4/framework/system/HTTP/URI.php(515): CodeIgniter\HTTP\Exceptions\HTTPException::forURISegmentOutOfRange(1)
#1 /Users/patriot/Documents/Codeigniter/final project/kelontong/app/Views/themes/head.php(8): CodeIgniter\HTTP\URI->getSegment(1)
#2 /Users/patriot/Documents/Codeigniter/final project/kelontong/vendor/codeigniter4/framework/system/View/View.php(246): include('/Users/patriot/...')
#3 /Users/patriot/Documents/Codeigniter/final project/kelontong/vendor/codeigniter4/framework/system/Common.php(1119): CodeIgniter\View\View->render('themes/head', Array, true)
#4 /Users/patriot/Documents/Codeigniter/final project/kelontong/app/Views/themes/content.php(1): view('themes/head')
#5 /Users/patriot/Documents/Codeigniter/final project/kelontong/vendor/codeigniter4/framework/system/View/View.php(246): include('/Users/patriot/...')
#6 /Users/patriot/Documents/Codeigniter/final project/kelontong/vendor/codeigniter4/framework/system/View/View.php(257): CodeIgniter\View\View->render('themes/content', Array, true)
#7 /Users/patriot/Documents/Codeigniter/final project/kelontong/vendor/codeigniter4/framework/system/Common.php(1119): CodeIgniter\View\View->render('welcome_message', Array, true)
#8 /Users/patriot/Documents/Codeigniter/final project/kelontong/app/Controllers/Home.php(7): view('welcome_message')
#9 /Users/patriot/Documents/Codeigniter/final project/kelontong/vendor/codeigniter4/framework/system/CodeIgniter.php(918): App\Controllers\Home->index()
#10 /Users/patriot/Documents/Codeigniter/final project/kelontong/vendor/codeigniter4/framework/system/CodeIgniter.php(404): CodeIgniter\CodeIgniter->runController(Object(App\Controllers\Home))
#11 /Users/patriot/Documents/Codeigniter/final project/kelontong/vendor/codeigniter4/framework/system/CodeIgniter.php(312): CodeIgniter\CodeIgniter->handleRequest(NULL, Object(Config\Cache), false)
#12 /Users/patriot/Documents/Codeigniter/final project/kelontong/public/index.php(45): CodeIgniter\CodeIgniter->run()
#13 /Users/patriot/Documents/Codeigniter/final project/kelontong/vendor/codeigniter4/framework/system/Commands/Server/rewrite.php(34): require_once('/Users/patriot/...')
#14 {main}
CRITICAL - 2020-12-01 09:45:47 --> Request URI segment is out of range: 1
#0 /Users/patriot/Documents/Codeigniter/final project/kelontong/vendor/codeigniter4/framework/system/HTTP/URI.php(515): CodeIgniter\HTTP\Exceptions\HTTPException::forURISegmentOutOfRange(1)
#1 /Users/patriot/Documents/Codeigniter/final project/kelontong/app/Views/themes/head.php(8): CodeIgniter\HTTP\URI->getSegment(1)
#2 /Users/patriot/Documents/Codeigniter/final project/kelontong/vendor/codeigniter4/framework/system/View/View.php(246): include('/Users/patriot/...')
#3 /Users/patriot/Documents/Codeigniter/final project/kelontong/vendor/codeigniter4/framework/system/Common.php(1119): CodeIgniter\View\View->render('themes/head', Array, true)
#4 /Users/patriot/Documents/Codeigniter/final project/kelontong/app/Views/themes/content.php(1): view('themes/head')
#5 /Users/patriot/Documents/Codeigniter/final project/kelontong/vendor/codeigniter4/framework/system/View/View.php(246): include('/Users/patriot/...')
#6 /Users/patriot/Documents/Codeigniter/final project/kelontong/vendor/codeigniter4/framework/system/View/View.php(257): CodeIgniter\View\View->render('themes/content', Array, true)
#7 /Users/patriot/Documents/Codeigniter/final project/kelontong/vendor/codeigniter4/framework/system/Common.php(1119): CodeIgniter\View\View->render('welcome_message', Array, true)
#8 /Users/patriot/Documents/Codeigniter/final project/kelontong/app/Controllers/Home.php(7): view('welcome_message')
#9 /Users/patriot/Documents/Codeigniter/final project/kelontong/vendor/codeigniter4/framework/system/CodeIgniter.php(918): App\Controllers\Home->index()
#10 /Users/patriot/Documents/Codeigniter/final project/kelontong/vendor/codeigniter4/framework/system/CodeIgniter.php(404): CodeIgniter\CodeIgniter->runController(Object(App\Controllers\Home))
#11 /Users/patriot/Documents/Codeigniter/final project/kelontong/vendor/codeigniter4/framework/system/CodeIgniter.php(312): CodeIgniter\CodeIgniter->handleRequest(NULL, Object(Config\Cache), false)
#12 /Users/patriot/Documents/Codeigniter/final project/kelontong/public/index.php(45): CodeIgniter\CodeIgniter->run()
#13 /Users/patriot/Documents/Codeigniter/final project/kelontong/vendor/codeigniter4/framework/system/Commands/Server/rewrite.php(34): require_once('/Users/patriot/...')
#14 {main}
CRITICAL - 2020-12-01 09:47:12 --> Operand should contain 1 column(s)
#0 /Users/patriot/Documents/Codeigniter/final project/kelontong/vendor/codeigniter4/framework/system/Database/MySQLi/Connection.php(331): mysqli->query('UPDATE `product...')
#1 /Users/patriot/Documents/Codeigniter/final project/kelontong/vendor/codeigniter4/framework/system/Database/BaseConnection.php(741): CodeIgniter\Database\MySQLi\Connection->execute('UPDATE `product...')
#2 /Users/patriot/Documents/Codeigniter/final project/kelontong/vendor/codeigniter4/framework/system/Database/BaseConnection.php(669): CodeIgniter\Database\BaseConnection->simpleQuery('UPDATE `product...')
#3 /Users/patriot/Documents/Codeigniter/final project/kelontong/vendor/codeigniter4/framework/system/Database/BaseBuilder.php(2456): CodeIgniter\Database\BaseConnection->query('UPDATE `product...', Array, false)
#4 /Users/patriot/Documents/Codeigniter/final project/kelontong/app/Models/Products_model.php(35): CodeIgniter\Database\BaseBuilder->update(Array, Array)
#5 /Users/patriot/Documents/Codeigniter/final project/kelontong/app/Controllers/Admin/Products.php(104): App\Models\Products_model->updateProduct(Array, Array)
#6 /Users/patriot/Documents/Codeigniter/final project/kelontong/vendor/codeigniter4/framework/system/CodeIgniter.php(918): App\Controllers\Admin\Products->update(Array)
#7 /Users/patriot/Documents/Codeigniter/final project/kelontong/vendor/codeigniter4/framework/system/CodeIgniter.php(404): CodeIgniter\CodeIgniter->runController(Object(App\Controllers\Admin\Products))
#8 /Users/patriot/Documents/Codeigniter/final project/kelontong/vendor/codeigniter4/framework/system/CodeIgniter.php(312): CodeIgniter\CodeIgniter->handleRequest(NULL, Object(Config\Cache), false)
#9 /Users/patriot/Documents/Codeigniter/final project/kelontong/public/index.php(45): CodeIgniter\CodeIgniter->run()
#10 /Users/patriot/Documents/Codeigniter/final project/kelontong/vendor/codeigniter4/framework/system/Commands/Server/rewrite.php(34): require_once('/Users/patriot/...')
#11 {main}
CRITICAL - 2020-12-01 09:49:36 --> Operand should contain 1 column(s)
#0 /Users/patriot/Documents/Codeigniter/final project/kelontong/vendor/codeigniter4/framework/system/Database/MySQLi/Connection.php(331): mysqli->query('UPDATE `product...')
#1 /Users/patriot/Documents/Codeigniter/final project/kelontong/vendor/codeigniter4/framework/system/Database/BaseConnection.php(741): CodeIgniter\Database\MySQLi\Connection->execute('UPDATE `product...')
#2 /Users/patriot/Documents/Codeigniter/final project/kelontong/vendor/codeigniter4/framework/system/Database/BaseConnection.php(669): CodeIgniter\Database\BaseConnection->simpleQuery('UPDATE `product...')
#3 /Users/patriot/Documents/Codeigniter/final project/kelontong/vendor/codeigniter4/framework/system/Database/BaseBuilder.php(2456): CodeIgniter\Database\BaseConnection->query('UPDATE `product...', Array, false)
#4 /Users/patriot/Documents/Codeigniter/final project/kelontong/app/Models/Products_model.php(35): CodeIgniter\Database\BaseBuilder->update(Array, Array)
#5 /Users/patriot/Documents/Codeigniter/final project/kelontong/app/Controllers/Admin/Products.php(104): App\Models\Products_model->updateProduct(Array, Array)
#6 /Users/patriot/Documents/Codeigniter/final project/kelontong/vendor/codeigniter4/framework/system/CodeIgniter.php(918): App\Controllers\Admin\Products->update(Array)
#7 /Users/patriot/Documents/Codeigniter/final project/kelontong/vendor/codeigniter4/framework/system/CodeIgniter.php(404): CodeIgniter\CodeIgniter->runController(Object(App\Controllers\Admin\Products))
#8 /Users/patriot/Documents/Codeigniter/final project/kelontong/vendor/codeigniter4/framework/system/CodeIgniter.php(312): CodeIgniter\CodeIgniter->handleRequest(NULL, Object(Config\Cache), false)
#9 /Users/patriot/Documents/Codeigniter/final project/kelontong/public/index.php(45): CodeIgniter\CodeIgniter->run()
#10 /Users/patriot/Documents/Codeigniter/final project/kelontong/vendor/codeigniter4/framework/system/Commands/Server/rewrite.php(34): require_once('/Users/patriot/...')
#11 {main}
CRITICAL - 2020-12-01 10:08:31 --> Unknown column 'status' in 'where clause'
#0 /Users/patriot/Documents/Codeigniter/final project/kelontong/vendor/codeigniter4/framework/system/Database/MySQLi/Connection.php(331): mysqli->query('SELECT *\nFROM `...')
#1 /Users/patriot/Documents/Codeigniter/final project/kelontong/vendor/codeigniter4/framework/system/Database/BaseConnection.php(741): CodeIgniter\Database\MySQLi\Connection->execute('SELECT *\nFROM `...')
#2 /Users/patriot/Documents/Codeigniter/final project/kelontong/vendor/codeigniter4/framework/system/Database/BaseConnection.php(669): CodeIgniter\Database\BaseConnection->simpleQuery('SELECT *\nFROM `...')
#3 /Users/patriot/Documents/Codeigniter/final project/kelontong/vendor/codeigniter4/framework/system/Database/BaseBuilder.php(1860): CodeIgniter\Database\BaseConnection->query('SELECT *\nFROM `...', Array, false)
#4 /Users/patriot/Documents/Codeigniter/final project/kelontong/vendor/codeigniter4/framework/system/Model.php(462): CodeIgniter\Database\BaseBuilder->get()
#5 /Users/patriot/Documents/Codeigniter/final project/kelontong/app/Controllers/Admin/Products.php(67): CodeIgniter\Model->findAll()
#6 /Users/patriot/Documents/Codeigniter/final project/kelontong/vendor/codeigniter4/framework/system/CodeIgniter.php(918): App\Controllers\Admin\Products->edit('391')
#7 /Users/patriot/Documents/Codeigniter/final project/kelontong/vendor/codeigniter4/framework/system/CodeIgniter.php(404): CodeIgniter\CodeIgniter->runController(Object(App\Controllers\Admin\Products))
#8 /Users/patriot/Documents/Codeigniter/final project/kelontong/vendor/codeigniter4/framework/system/CodeIgniter.php(312): CodeIgniter\CodeIgniter->handleRequest(NULL, Object(Config\Cache), false)
#9 /Users/patriot/Documents/Codeigniter/final project/kelontong/public/index.php(45): CodeIgniter\CodeIgniter->run()
#10 /Users/patriot/Documents/Codeigniter/final project/kelontong/vendor/codeigniter4/framework/system/Commands/Server/rewrite.php(34): require_once('/Users/patriot/...')
#11 {main}
CRITICAL - 2020-12-01 10:09:28 --> Unknown column 'status' in 'where clause'
#0 /Users/patriot/Documents/Codeigniter/final project/kelontong/vendor/codeigniter4/framework/system/Database/MySQLi/Connection.php(331): mysqli->query('SELECT *\nFROM `...')
#1 /Users/patriot/Documents/Codeigniter/final project/kelontong/vendor/codeigniter4/framework/system/Database/BaseConnection.php(741): CodeIgniter\Database\MySQLi\Connection->execute('SELECT *\nFROM `...')
#2 /Users/patriot/Documents/Codeigniter/final project/kelontong/vendor/codeigniter4/framework/system/Database/BaseConnection.php(669): CodeIgniter\Database\BaseConnection->simpleQuery('SELECT *\nFROM `...')
#3 /Users/patriot/Documents/Codeigniter/final project/kelontong/vendor/codeigniter4/framework/system/Database/BaseBuilder.php(1860): CodeIgniter\Database\BaseConnection->query('SELECT *\nFROM `...', Array, false)
#4 /Users/patriot/Documents/Codeigniter/final project/kelontong/vendor/codeigniter4/framework/system/Model.php(462): CodeIgniter\Database\BaseBuilder->get()
#5 /Users/patriot/Documents/Codeigniter/final project/kelontong/app/Controllers/Admin/Products.php(67): CodeIgniter\Model->findAll()
#6 /Users/patriot/Documents/Codeigniter/final project/kelontong/vendor/codeigniter4/framework/system/CodeIgniter.php(918): App\Controllers\Admin\Products->edit('391')
#7 /Users/patriot/Documents/Codeigniter/final project/kelontong/vendor/codeigniter4/framework/system/CodeIgniter.php(404): CodeIgniter\CodeIgniter->runController(Object(App\Controllers\Admin\Products))
#8 /Users/patriot/Documents/Codeigniter/final project/kelontong/vendor/codeigniter4/framework/system/CodeIgniter.php(312): CodeIgniter\CodeIgniter->handleRequest(NULL, Object(Config\Cache), false)
#9 /Users/patriot/Documents/Codeigniter/final project/kelontong/public/index.php(45): CodeIgniter\CodeIgniter->run()
#10 /Users/patriot/Documents/Codeigniter/final project/kelontong/vendor/codeigniter4/framework/system/Commands/Server/rewrite.php(34): require_once('/Users/patriot/...')
#11 {main}
CRITICAL - 2020-12-01 10:10:13 --> Unknown column 'status' in 'where clause'
#0 /Users/patriot/Documents/Codeigniter/final project/kelontong/vendor/codeigniter4/framework/system/Database/MySQLi/Connection.php(331): mysqli->query('SELECT *\nFROM `...')
#1 /Users/patriot/Documents/Codeigniter/final project/kelontong/vendor/codeigniter4/framework/system/Database/BaseConnection.php(741): CodeIgniter\Database\MySQLi\Connection->execute('SELECT *\nFROM `...')
#2 /Users/patriot/Documents/Codeigniter/final project/kelontong/vendor/codeigniter4/framework/system/Database/BaseConnection.php(669): CodeIgniter\Database\BaseConnection->simpleQuery('SELECT *\nFROM `...')
#3 /Users/patriot/Documents/Codeigniter/final project/kelontong/vendor/codeigniter4/framework/system/Database/BaseBuilder.php(1860): CodeIgniter\Database\BaseConnection->query('SELECT *\nFROM `...', Array, false)
#4 /Users/patriot/Documents/Codeigniter/final project/kelontong/vendor/codeigniter4/framework/system/Model.php(462): CodeIgniter\Database\BaseBuilder->get()
#5 /Users/patriot/Documents/Codeigniter/final project/kelontong/app/Controllers/Admin/Products.php(67): CodeIgniter\Model->findAll()
#6 /Users/patriot/Documents/Codeigniter/final project/kelontong/vendor/codeigniter4/framework/system/CodeIgniter.php(918): App\Controllers\Admin\Products->edit('411')
#7 /Users/patriot/Documents/Codeigniter/final project/kelontong/vendor/codeigniter4/framework/system/CodeIgniter.php(404): CodeIgniter\CodeIgniter->runController(Object(App\Controllers\Admin\Products))
#8 /Users/patriot/Documents/Codeigniter/final project/kelontong/vendor/codeigniter4/framework/system/CodeIgniter.php(312): CodeIgniter\CodeIgniter->handleRequest(NULL, Object(Config\Cache), false)
#9 /Users/patriot/Documents/Codeigniter/final project/kelontong/public/index.php(45): CodeIgniter\CodeIgniter->run()
#10 /Users/patriot/Documents/Codeigniter/final project/kelontong/vendor/codeigniter4/framework/system/Commands/Server/rewrite.php(34): require_once('/Users/patriot/...')
#11 {main}
